2018-11-05 14:50:04.043 DEBUG --- [NioProcessor-14] com.zkpt.data.dao.GasUserMapper.selectByUserNo
				Line:159 - ==>  Preparing: select ID, USER_NAME, USER_NO, CREATE_BY, CREATE_DATE, UPDATE_BY, UPDATE_DATE, DELFLAG, DEL_DATE from mid_gas_user where USER_NO = ? 
2018-11-05 14:50:04.195 DEBUG --- [NioProcessor-14] com.zkpt.data.dao.GasUserMapper.selectByUserNo
				Line:159 - ==> Parameters: 100100170008(String)
2018-11-05 14:50:04.229 DEBUG --- [NioProcessor-14] com.zkpt.data.dao.GasUserMapper.selectByUserNo
				Line:159 - <==      Total: 0
2018-11-05 14:50:04.231 DEBUG --- [NioProcessor-14] com.zkpt.data.dao.GasUserMapper.insert
				Line:159 - ==>  Preparing: insert into mid_gas_user (ID, USER_NAME, USER_NO, CREATE_BY, CREATE_DATE, UPDATE_BY, UPDATE_DATE, DELFLAG, DEL_DATE ) values (?, ?, ?, ?, ?, ?, ?, ?, ? ) 
2018-11-05 14:50:04.260 DEBUG --- [NioProcessor-14] com.zkpt.data.dao.GasUserMapper.insert
				Line:159 - ==> Parameters: null, 测试31(String), 100100170008(String), system(String), 2018-11-05 14:50:03.989(Timestamp), null, null, null, null
2018-11-05 14:50:04.262 DEBUG --- [NioProcessor-14] com.zkpt.data.dao.GasUserMapper.insert
				Line:159 - <==    Updates: 1
2018-11-05 14:50:04.263 DEBUG --- [NioProcessor-14] com.zkpt.data.dao.OperationMapper.insert
				Line:159 - ==>  Preparing: insert into mid_operation (ID, BANK_IP, BANK_PORT, BANK_SEND, BANK_SEND_TIME, GAS_ECHO, GAS_ECHO_TIME, BANK_COMMAND, GAS_COMMAND, STATE, CREATE_DATE, UPDATE_BY, UPDATE_DATE, DELFLAG, DEL_DATE ) values (?, ?, ?, ?, ?, ?, ?, ?, ?, ?, ?, ?, ?, ?, ? ) 
2018-11-05 14:50:04.265 DEBUG --- [NioProcessor-14] com.zkpt.data.dao.OperationMapper.insert
				Line:159 - ==> Parameters: null, 192.168.1.124(String), 52477(Integer), null811|100100170012|000000|1|(String), 2018-11-05 14:49:53.132(Timestamp), null8.56|2|100100170008|测试31|201809|3|4|2|4.28|4.28|0|4.28|2|2.14|FFFFF|FFFFF|FFFFF|FFFFF|FFFFF|FFFFF|$100100170008|测试31|201810|4|6|2|4.28|4.28|0|4.28|2|2.14|FFFFF|FFFFF|FFFFF|FFFFF|FFFFF|FFFFF|$(String), 2018-11-05 14:50:03.971(Timestamp), 811(String), 0101(String), S(String), 2018-11-05 14:50:03.99(Timestamp), null, null, null, null
2018-11-05 14:50:04.282 DEBUG --- [NioProcessor-14] com.zkpt.data.dao.OperationMapper.insert
				Line:159 - <==    Updates: 1
2018-11-05 14:50:04.283 DEBUG --- [NioProcessor-14] com.zkpt.data.dao.BankDeviceMapper.selectByBankNo
				Line:159 - ==>  Preparing: select ID, BANK_NO, CREATE_BY, CREATE_DATE, UPDATE_BY, UPDATE_DATE, DELFLAG, DEL_DATE from mid_bank_device where BANK_NO = ? 
2018-11-05 14:50:04.284 DEBUG --- [NioProcessor-14] com.zkpt.data.dao.BankDeviceMapper.selectByBankNo
				Line:159 - ==> Parameters: 0008(String)
2018-11-05 14:50:04.290 DEBUG --- [NioProcessor-14] com.zkpt.data.dao.BankDeviceMapper.selectByBankNo
				Line:159 - <==      Total: 1
2018-11-05 14:50:04.290 DEBUG --- [NioProcessor-14] com.zkpt.data.dao.BankDeviceBehaviorMapper.insert
				Line:159 - ==>  Preparing: insert into mid_bank_device_behavior (ID, OPERTION_ID, BANK_DEVICE_ID, VALUE1, VALUE2, CREATE_BY, CREATE_DATE, UPDATE_BY, UPDATE_DATE, DELFLAG, DEL_DATE) values (?, ?, ?, ?, ?, ?, ?, ?, ?, ?, ?) 
2018-11-05 14:50:04.293 DEBUG --- [NioProcessor-14] com.zkpt.data.dao.BankDeviceBehaviorMapper.insert
				Line:159 - ==> Parameters: null, null, 5(Integer), null, null, system(String), 2018-11-05 14:50:03.989(Timestamp), null, null, null, null
2018-11-05 14:50:04.296 DEBUG --- [NioProcessor-14] com.zkpt.data.dao.BankDeviceBehaviorMapper.insert
				Line:159 - <==    Updates: 1
2018-11-05 14:50:04.296 DEBUG --- [NioProcessor-14] com.zkpt.data.dao.GasUserBehaviorMapper.insert
				Line:159 - ==>  Preparing: insert into mid_gas_user_behavior (ID, OPERTION_ID, BANK_DEVICE_ID, USER_NO, VALUE1, VALUE2, VALUE3, CREATE_BY, CREATE_DATE, UPDATE_BY, UPDATE_DATE, DELFLAG, DEL_DATE) values (?, ?, ?, ?, ?, ?, ?, ?, ?, ?, ?, ?, ?) 
2018-11-05 14:50:04.297 DEBUG --- [NioProcessor-14] com.zkpt.data.dao.GasUserBehaviorMapper.insert
				Line:159 - ==> Parameters: null, null, 5(Integer), 100100170008(String), null, null, null, system(String), 2018-11-05 14:50:03.989(Timestamp), null, null, null, null
2018-11-05 14:50:04.301 DEBUG --- [NioProcessor-14] com.zkpt.data.dao.GasUserBehaviorMapper.insert
				Line:159 - <==    Updates: 1
2018-11-05 14:50:04.301 DEBUG --- [NioProcessor-14] com.zkpt.data.dao.GasUserCostMapper.insert
				Line:159 - ==>  Preparing: insert into mid_gas_user_cost (ID, USER_NAME, USER_NO, MONTH, PREV_VAL, CURR_VAL, AIR_VAL, AIR_COST, PAY_ABLE_AIR_NUM, LATE_FEE, PAY_ABLE_AIR_COST, AIR_VAL1, AIR_COST1, AIR_VAL2, AIR_COST2, AIR_VAL3, AIR_COST3, AIR_VAL4, AIR_COST4, CREATE_BY, CREATE_DATE, UPDATE_BY, UPDATE_DATE, DELFLAG, DEL_DATE) values (?, ?, ?, ?, ?, ?, ?, ?, ?, ?, ?, ?, ?, ?, ?, ?, ?, ?, ?, ?, ?, ?, ?, ?, ?) 
2018-11-05 14:50:04.304 DEBUG --- [NioProcessor-14] com.zkpt.data.dao.GasUserCostMapper.insert
				Line:159 - ==> Parameters: null, 测试31(String), 100100170008(String), null, 3(BigDecimal), 6(BigDecimal), null, null, null, null, null, null, null, null, null, null, null, null, null, null, null, null, null, null, null
2018-11-05 14:50:04.323 DEBUG --- [NioProcessor-14] com.zkpt.data.dao.GasUserCostMapper.insert
				Line:159 - <==    Updates: 1
2018-11-05 15:14:43.070 DEBUG --- [NioProcessor-23] com.zkpt.data.dao.GasUserMapper.selectByUserNo
				Line:159 - ==>  Preparing: select ID, USER_NAME, USER_NO, CREATE_BY, CREATE_DATE, UPDATE_BY, UPDATE_DATE, DELFLAG, DEL_DATE from mid_gas_user where USER_NO = ? 
2018-11-05 15:14:43.238 DEBUG --- [NioProcessor-23] com.zkpt.data.dao.GasUserMapper.selectByUserNo
				Line:159 - ==> Parameters: 100100170008(String)
2018-11-05 15:14:43.288 DEBUG --- [NioProcessor-23] com.zkpt.data.dao.GasUserMapper.selectByUserNo
				Line:159 - <==      Total: 1
2018-11-05 15:14:43.290 DEBUG --- [NioProcessor-23] com.zkpt.data.dao.OperationMapper.insert
				Line:159 - ==>  Preparing: insert into mid_operation (ID, BANK_IP, BANK_PORT, BANK_SEND, BANK_SEND_TIME, GAS_ECHO, GAS_ECHO_TIME, BANK_COMMAND, GAS_COMMAND, STATE, CREATE_DATE, UPDATE_BY, UPDATE_DATE, DELFLAG, DEL_DATE ) values (?, ?, ?, ?, ?, ?, ?, ?, ?, ?, ?, ?, ?, ?, ? ) 
2018-11-05 15:14:43.324 DEBUG --- [NioProcessor-23] com.zkpt.data.dao.OperationMapper.insert
				Line:159 - ==> Parameters: null, 192.168.1.124(String), 51489(Integer), null811|100100170012|000000|1|(String), 2018-11-05 15:14:35.807(Timestamp), null8.56|2|100100170008|测试31|201809|3|4|2|4.28|4.28|0|4.28|2|2.14|FFFFF|FFFFF|FFFFF|FFFFF|FFFFF|FFFFF|$100100170008|测试31|201810|4|6|2|4.28|4.28|0|4.28|2|2.14|FFFFF|FFFFF|FFFFF|FFFFF|FFFFF|FFFFF|$(String), 2018-11-05 15:14:42.998(Timestamp), 811(String), 0101(String), S(String), 2018-11-05 15:14:43.014(Timestamp), null, null, null, null
2018-11-05 15:14:43.340 DEBUG --- [NioProcessor-23] com.zkpt.data.dao.OperationMapper.insert
				Line:159 - <==    Updates: 1
2018-11-05 15:14:43.341 DEBUG --- [NioProcessor-23] com.zkpt.data.dao.BankDeviceMapper.selectByBankNo
				Line:159 - ==>  Preparing: select ID, BANK_NO, CREATE_BY, CREATE_DATE, UPDATE_BY, UPDATE_DATE, DELFLAG, DEL_DATE from mid_bank_device where BANK_NO = ? 
2018-11-05 15:14:43.343 DEBUG --- [NioProcessor-23] com.zkpt.data.dao.BankDeviceMapper.selectByBankNo
				Line:159 - ==> Parameters: 0008(String)
2018-11-05 15:14:43.347 DEBUG --- [NioProcessor-23] com.zkpt.data.dao.BankDeviceMapper.selectByBankNo
				Line:159 - <==      Total: 1
2018-11-05 15:14:43.348 DEBUG --- [NioProcessor-23] com.zkpt.data.dao.BankDeviceBehaviorMapper.insert
				Line:159 - ==>  Preparing: insert into mid_bank_device_behavior (ID, OPERTION_ID, BANK_DEVICE_ID, VALUE1, VALUE2, CREATE_BY, CREATE_DATE, UPDATE_BY, UPDATE_DATE, DELFLAG, DEL_DATE) values (?, ?, ?, ?, ?, ?, ?, ?, ?, ?, ?) 
2018-11-05 15:14:43.350 DEBUG --- [NioProcessor-23] com.zkpt.data.dao.BankDeviceBehaviorMapper.insert
				Line:159 - ==> Parameters: null, null, 5(Integer), null, null, system(String), 2018-11-05 15:14:43.014(Timestamp), null, null, null, null
2018-11-05 15:14:43.354 DEBUG --- [NioProcessor-23] com.zkpt.data.dao.BankDeviceBehaviorMapper.insert
				Line:159 - <==    Updates: 1
2018-11-05 15:14:43.354 DEBUG --- [NioProcessor-23] com.zkpt.data.dao.GasUserBehaviorMapper.insert
				Line:159 - ==>  Preparing: insert into mid_gas_user_behavior (ID, OPERTION_ID, BANK_DEVICE_ID, USER_NO, VALUE1, VALUE2, VALUE3, CREATE_BY, CREATE_DATE, UPDATE_BY, UPDATE_DATE, DELFLAG, DEL_DATE) values (?, ?, ?, ?, ?, ?, ?, ?, ?, ?, ?, ?, ?) 
2018-11-05 15:14:43.357 DEBUG --- [NioProcessor-23] com.zkpt.data.dao.GasUserBehaviorMapper.insert
				Line:159 - ==> Parameters: null, null, 5(Integer), 100100170008(String), null, null, null, system(String), 2018-11-05 15:14:43.014(Timestamp), null, null, null, null
2018-11-05 15:14:43.360 DEBUG --- [NioProcessor-23] com.zkpt.data.dao.GasUserBehaviorMapper.insert
				Line:159 - <==    Updates: 1
2018-11-05 15:14:43.361 DEBUG --- [NioProcessor-23] com.zkpt.data.dao.GasUserCostMapper.insert
				Line:159 - ==>  Preparing: insert into mid_gas_user_cost (ID, USER_NAME, USER_NO, MONTH, PREV_VAL, CURR_VAL, AIR_VAL, AIR_COST, PAY_ABLE_AIR_NUM, LATE_FEE, PAY_ABLE_AIR_COST, AIR_VAL1, AIR_COST1, AIR_VAL2, AIR_COST2, AIR_VAL3, AIR_COST3, AIR_VAL4, AIR_COST4, CREATE_BY, CREATE_DATE, UPDATE_BY, UPDATE_DATE, DELFLAG, DEL_DATE) values (?, ?, ?, ?, ?, ?, ?, ?, ?, ?, ?, ?, ?, ?, ?, ?, ?, ?, ?, ?, ?, ?, ?, ?, ?) 
2018-11-05 15:14:43.364 DEBUG --- [NioProcessor-23] com.zkpt.data.dao.GasUserCostMapper.insert
				Line:159 - ==> Parameters: null, 测试31(String), 100100170008(String), null, 3(BigDecimal), 6(BigDecimal), null, null, null, null, null, null, null, null, null, null, null, null, null, null, null, null, null, null, null
2018-11-05 15:14:43.382 DEBUG --- [NioProcessor-23] com.zkpt.data.dao.GasUserCostMapper.insert
				Line:159 - <==    Updates: 1
2018-11-05 15:27:24.705 DEBUG --- [NioProcessor-16] com.zkpt.data.dao.GasUserMapper.selectByUserNo
				Line:159 - ==>  Preparing: select ID, USER_NAME, USER_NO, CREATE_BY, CREATE_DATE, UPDATE_BY, UPDATE_DATE, DELFLAG, DEL_DATE from mid_gas_user where USER_NO = ? 
2018-11-05 15:27:24.871 DEBUG --- [NioProcessor-16] com.zkpt.data.dao.GasUserMapper.selectByUserNo
				Line:159 - ==> Parameters: 100100170008(String)
2018-11-05 15:27:24.892 DEBUG --- [NioProcessor-16] com.zkpt.data.dao.GasUserMapper.selectByUserNo
				Line:159 - <==      Total: 1
2018-11-05 15:27:24.894 DEBUG --- [NioProcessor-16] com.zkpt.data.dao.OperationMapper.insert
				Line:159 - ==>  Preparing: insert into mid_operation (ID, BANK_IP, BANK_PORT, BANK_SEND, BANK_SEND_TIME, GAS_ECHO, GAS_ECHO_TIME, BANK_COMMAND, GAS_COMMAND, STATE, CREATE_DATE, UPDATE_BY, UPDATE_DATE, DELFLAG, DEL_DATE ) values (?, ?, ?, ?, ?, ?, ?, ?, ?, ?, ?, ?, ?, ?, ? ) 
2018-11-05 15:27:24.927 DEBUG --- [NioProcessor-16] com.zkpt.data.dao.OperationMapper.insert
				Line:159 - ==> Parameters: null, 192.168.1.124(String), 59243(Integer), null811|100100170012|000000|1|(String), 2018-11-05 15:27:18.684(Timestamp), null8.56|2|100100170008|测试31|201809|3|4|2|4.28|4.28|0|4.28|2|2.14|FFFFF|FFFFF|FFFFF|FFFFF|FFFFF|FFFFF|$100100170008|测试31|201810|4|6|2|4.28|4.28|0|4.28|2|2.14|FFFFF|FFFFF|FFFFF|FFFFF|FFFFF|FFFFF|$(String), 2018-11-05 15:27:24.645(Timestamp), 811(String), 0101(String), S(String), 2018-11-05 15:27:24.659(Timestamp), null, null, null, null
2018-11-05 15:27:24.929 DEBUG --- [NioProcessor-16] com.zkpt.data.dao.OperationMapper.insert
				Line:159 - <==    Updates: 1
2018-11-05 15:27:24.929 DEBUG --- [NioProcessor-16] com.zkpt.data.dao.BankDeviceMapper.selectByBankNo
				Line:159 - ==>  Preparing: select ID, BANK_NO, CREATE_BY, CREATE_DATE, UPDATE_BY, UPDATE_DATE, DELFLAG, DEL_DATE from mid_bank_device where BANK_NO = ? 
2018-11-05 15:27:24.930 DEBUG --- [NioProcessor-16] com.zkpt.data.dao.BankDeviceMapper.selectByBankNo
				Line:159 - ==> Parameters: 0008(String)
2018-11-05 15:27:24.933 DEBUG --- [NioProcessor-16] com.zkpt.data.dao.BankDeviceMapper.selectByBankNo
				Line:159 - <==      Total: 1
2018-11-05 15:27:24.934 DEBUG --- [NioProcessor-16] com.zkpt.data.dao.BankDeviceBehaviorMapper.insert
				Line:159 - ==>  Preparing: insert into mid_bank_device_behavior (ID, OPERTION_ID, BANK_DEVICE_ID, VALUE1, VALUE2, CREATE_BY, CREATE_DATE, UPDATE_BY, UPDATE_DATE, DELFLAG, DEL_DATE) values (?, ?, ?, ?, ?, ?, ?, ?, ?, ?, ?) 
2018-11-05 15:27:24.936 DEBUG --- [NioProcessor-16] com.zkpt.data.dao.BankDeviceBehaviorMapper.insert
				Line:159 - ==> Parameters: null, null, 5(Integer), null, null, system(String), 2018-11-05 15:27:24.659(Timestamp), null, null, null, null
2018-11-05 15:27:24.938 DEBUG --- [NioProcessor-16] com.zkpt.data.dao.BankDeviceBehaviorMapper.insert
				Line:159 - <==    Updates: 1
2018-11-05 15:27:24.938 DEBUG --- [NioProcessor-16] com.zkpt.data.dao.GasUserBehaviorMapper.insert
				Line:159 - ==>  Preparing: insert into mid_gas_user_behavior (ID, OPERTION_ID, BANK_DEVICE_ID, USER_NO, VALUE1, VALUE2, VALUE3, CREATE_BY, CREATE_DATE, UPDATE_BY, UPDATE_DATE, DELFLAG, DEL_DATE) values (?, ?, ?, ?, ?, ?, ?, ?, ?, ?, ?, ?, ?) 
2018-11-05 15:27:24.940 DEBUG --- [NioProcessor-16] com.zkpt.data.dao.GasUserBehaviorMapper.insert
				Line:159 - ==> Parameters: null, null, 5(Integer), 100100170008(String), null, null, null, system(String), 2018-11-05 15:27:24.659(Timestamp), null, null, null, null
2018-11-05 15:27:24.942 DEBUG --- [NioProcessor-16] com.zkpt.data.dao.GasUserBehaviorMapper.insert
				Line:159 - <==    Updates: 1
2018-11-05 15:27:24.943 DEBUG --- [NioProcessor-16] com.zkpt.data.dao.GasUserCostMapper.insert
				Line:159 - ==>  Preparing: insert into mid_gas_user_cost (ID, USER_NAME, USER_NO, MONTH, PREV_VAL, CURR_VAL, AIR_VAL, AIR_COST, PAY_ABLE_AIR_NUM, LATE_FEE, PAY_ABLE_AIR_COST, AIR_VAL1, AIR_COST1, AIR_VAL2, AIR_COST2, AIR_VAL3, AIR_COST3, AIR_VAL4, AIR_COST4, CREATE_BY, CREATE_DATE, UPDATE_BY, UPDATE_DATE, DELFLAG, DEL_DATE) values (?, ?, ?, ?, ?, ?, ?, ?, ?, ?, ?, ?, ?, ?, ?, ?, ?, ?, ?, ?, ?, ?, ?, ?, ?) 
2018-11-05 15:27:24.945 DEBUG --- [NioProcessor-16] com.zkpt.data.dao.GasUserCostMapper.insert
				Line:159 - ==> Parameters: null, 测试31(String), 100100170008(String), null, 3(BigDecimal), 6(BigDecimal), null, null, null, null, null, null, null, null, null, null, null, null, null, null, null, null, null, null, null
2018-11-05 15:27:24.947 DEBUG --- [NioProcessor-16] com.zkpt.data.dao.GasUserCostMapper.insert
				Line:159 - <==    Updates: 1
2018-11-05 15:38:11.512 DEBUG --- [NioProcessor-16] com.zkpt.data.dao.GasUserMapper.selectByUserNo
				Line:159 - ==>  Preparing: select ID, USER_NAME, USER_NO, CREATE_BY, CREATE_DATE, UPDATE_BY, UPDATE_DATE, DELFLAG, DEL_DATE from mid_gas_user where USER_NO = ? 
2018-11-05 15:38:11.692 DEBUG --- [NioProcessor-16] com.zkpt.data.dao.GasUserMapper.selectByUserNo
				Line:159 - ==> Parameters: 100100170008(String)
2018-11-05 15:38:11.714 DEBUG --- [NioProcessor-16] com.zkpt.data.dao.GasUserMapper.selectByUserNo
				Line:159 - <==      Total: 1
2018-11-05 15:38:11.716 DEBUG --- [NioProcessor-16] com.zkpt.data.dao.OperationMapper.insert
				Line:159 - ==>  Preparing: insert into mid_operation (ID, BANK_IP, BANK_PORT, BANK_SEND, BANK_SEND_TIME, GAS_ECHO, GAS_ECHO_TIME, BANK_COMMAND, GAS_COMMAND, STATE, CREATE_DATE, UPDATE_BY, UPDATE_DATE, DELFLAG, DEL_DATE ) values (?, ?, ?, ?, ?, ?, ?, ?, ?, ?, ?, ?, ?, ?, ? ) 
2018-11-05 15:38:11.750 DEBUG --- [NioProcessor-16] com.zkpt.data.dao.OperationMapper.insert
				Line:159 - ==> Parameters: null, 192.168.1.124(String), 49744(Integer), null811|100100170012|000000|1|(String), 2018-11-05 15:38:02.04(Timestamp), null8.56|2|100100170008|测试31|201809|3|4|2|4.28|4.28|0|4.28|2|2.14|FFFFF|FFFFF|FFFFF|FFFFF|FFFFF|FFFFF|$100100170008|测试31|201810|4|6|2|4.28|4.28|0|4.28|2|2.14|FFFFF|FFFFF|FFFFF|FFFFF|FFFFF|FFFFF|$(String), 2018-11-05 15:38:11.441(Timestamp), 811(String), 0101(String), S(String), 2018-11-05 15:38:11.46(Timestamp), null, null, null, null
2018-11-05 15:38:11.753 DEBUG --- [NioProcessor-16] com.zkpt.data.dao.OperationMapper.insert
				Line:159 - <==    Updates: 1
2018-11-05 15:38:11.754 DEBUG --- [NioProcessor-16] com.zkpt.data.dao.BankDeviceMapper.selectByBankNo
				Line:159 - ==>  Preparing: select ID, BANK_NO, CREATE_BY, CREATE_DATE, UPDATE_BY, UPDATE_DATE, DELFLAG, DEL_DATE from mid_bank_device where BANK_NO = ? 
2018-11-05 15:38:11.755 DEBUG --- [NioProcessor-16] com.zkpt.data.dao.BankDeviceMapper.selectByBankNo
				Line:159 - ==> Parameters: 0008(String)
2018-11-05 15:38:11.759 DEBUG --- [NioProcessor-16] com.zkpt.data.dao.BankDeviceMapper.selectByBankNo
				Line:159 - <==      Total: 1
2018-11-05 15:38:11.760 DEBUG --- [NioProcessor-16] com.zkpt.data.dao.BankDeviceBehaviorMapper.insert
				Line:159 - ==>  Preparing: insert into mid_bank_device_behavior (ID, OPERTION_ID, BANK_DEVICE_ID, VALUE1, VALUE2, CREATE_BY, CREATE_DATE, UPDATE_BY, UPDATE_DATE, DELFLAG, DEL_DATE) values (?, ?, ?, ?, ?, ?, ?, ?, ?, ?, ?) 
2018-11-05 15:38:11.761 DEBUG --- [NioProcessor-16] com.zkpt.data.dao.BankDeviceBehaviorMapper.insert
				Line:159 - ==> Parameters: null, null, 5(Integer), null, null, system(String), 2018-11-05 15:38:11.46(Timestamp), null, null, null, null
2018-11-05 15:38:11.767 DEBUG --- [NioProcessor-16] com.zkpt.data.dao.BankDeviceBehaviorMapper.insert
				Line:159 - <==    Updates: 1
2018-11-05 15:38:11.767 DEBUG --- [NioProcessor-16] com.zkpt.data.dao.GasUserBehaviorMapper.insert
				Line:159 - ==>  Preparing: insert into mid_gas_user_behavior (ID, OPERTION_ID, BANK_DEVICE_ID, USER_NO, VALUE1, VALUE2, VALUE3, CREATE_BY, CREATE_DATE, UPDATE_BY, UPDATE_DATE, DELFLAG, DEL_DATE) values (?, ?, ?, ?, ?, ?, ?, ?, ?, ?, ?, ?, ?) 
2018-11-05 15:38:11.769 DEBUG --- [NioProcessor-16] com.zkpt.data.dao.GasUserBehaviorMapper.insert
				Line:159 - ==> Parameters: null, null, 5(Integer), 100100170008(String), null, null, null, system(String), 2018-11-05 15:38:11.46(Timestamp), null, null, null, null
2018-11-05 15:38:11.773 DEBUG --- [NioProcessor-16] com.zkpt.data.dao.GasUserBehaviorMapper.insert
				Line:159 - <==    Updates: 1
2018-11-05 15:38:11.774 DEBUG --- [NioProcessor-16] com.zkpt.data.dao.GasUserCostMapper.insert
				Line:159 - ==>  Preparing: insert into mid_gas_user_cost (ID, USER_NAME, USER_NO, MONTH, PREV_VAL, CURR_VAL, AIR_VAL, AIR_COST, PAY_ABLE_AIR_NUM, LATE_FEE, PAY_ABLE_AIR_COST, AIR_VAL1, AIR_COST1, AIR_VAL2, AIR_COST2, AIR_VAL3, AIR_COST3, AIR_VAL4, AIR_COST4, CREATE_BY, CREATE_DATE, UPDATE_BY, UPDATE_DATE, DELFLAG, DEL_DATE) values (?, ?, ?, ?, ?, ?, ?, ?, ?, ?, ?, ?, ?, ?, ?, ?, ?, ?, ?, ?, ?, ?, ?, ?, ?) 
2018-11-05 15:38:11.777 DEBUG --- [NioProcessor-16] com.zkpt.data.dao.GasUserCostMapper.insert
				Line:159 - ==> Parameters: null, 测试31(String), 100100170008(String), null, 3(BigDecimal), 6(BigDecimal), null, null, null, null, null, null, null, null, null, null, null, null, null, null, null, null, null, null, null
2018-11-05 15:38:11.779 DEBUG --- [NioProcessor-16] com.zkpt.data.dao.GasUserCostMapper.insert
				Line:159 - <==    Updates: 1
2018-11-05 15:40:50.609 DEBUG --- [NioProcessor-22] com.zkpt.data.dao.GasUserMapper.selectByUserNo
				Line:159 - ==>  Preparing: select ID, USER_NAME, USER_NO, CREATE_BY, CREATE_DATE, UPDATE_BY, UPDATE_DATE, DELFLAG, DEL_DATE from mid_gas_user where USER_NO = ? 
2018-11-05 15:40:50.803 DEBUG --- [NioProcessor-22] com.zkpt.data.dao.GasUserMapper.selectByUserNo
				Line:159 - ==> Parameters: 100100170008(String)
2018-11-05 15:40:50.830 DEBUG --- [NioProcessor-22] com.zkpt.data.dao.GasUserMapper.selectByUserNo
				Line:159 - <==      Total: 1
2018-11-05 15:40:50.832 DEBUG --- [NioProcessor-22] com.zkpt.data.dao.OperationMapper.insert
				Line:159 - ==>  Preparing: insert into mid_operation (ID, BANK_IP, BANK_PORT, BANK_SEND, BANK_SEND_TIME, GAS_ECHO, GAS_ECHO_TIME, BANK_COMMAND, GAS_COMMAND, STATE, CREATE_DATE, UPDATE_BY, UPDATE_DATE, DELFLAG, DEL_DATE ) values (?, ?, ?, ?, ?, ?, ?, ?, ?, ?, ?, ?, ?, ?, ? ) 
2018-11-05 15:40:50.867 DEBUG --- [NioProcessor-22] com.zkpt.data.dao.OperationMapper.insert
				Line:159 - ==> Parameters: null, 192.168.1.124(String), 51491(Integer), null811|100100170012|000000|1|(String), 2018-11-05 15:40:39.433(Timestamp), null8.56|2|100100170008|测试31|201809|3|4|2|4.28|4.28|0|4.28|2|2.14|FFFFF|FFFFF|FFFFF|FFFFF|FFFFF|FFFFF|$100100170008|测试31|201810|4|6|2|4.28|4.28|0|4.28|2|2.14|FFFFF|FFFFF|FFFFF|FFFFF|FFFFF|FFFFF|$(String), 2018-11-05 15:40:50.545(Timestamp), 811(String), 0101(String), S(String), 2018-11-05 15:40:50.555(Timestamp), null, null, null, null
2018-11-05 15:40:50.869 DEBUG --- [NioProcessor-22] com.zkpt.data.dao.OperationMapper.insert
				Line:159 - <==    Updates: 1
2018-11-05 15:40:50.870 DEBUG --- [NioProcessor-22] com.zkpt.data.dao.BankDeviceMapper.selectByBankNo
				Line:159 - ==>  Preparing: select ID, BANK_NO, CREATE_BY, CREATE_DATE, UPDATE_BY, UPDATE_DATE, DELFLAG, DEL_DATE from mid_bank_device where BANK_NO = ? 
2018-11-05 15:40:50.871 DEBUG --- [NioProcessor-22] com.zkpt.data.dao.BankDeviceMapper.selectByBankNo
				Line:159 - ==> Parameters: 0008(String)
2018-11-05 15:40:50.874 DEBUG --- [NioProcessor-22] com.zkpt.data.dao.BankDeviceMapper.selectByBankNo
				Line:159 - <==      Total: 1
2018-11-05 15:40:50.875 DEBUG --- [NioProcessor-22] com.zkpt.data.dao.BankDeviceBehaviorMapper.insert
				Line:159 - ==>  Preparing: insert into mid_bank_device_behavior (ID, OPERTION_ID, BANK_DEVICE_ID, VALUE1, VALUE2, CREATE_BY, CREATE_DATE, UPDATE_BY, UPDATE_DATE, DELFLAG, DEL_DATE) values (?, ?, ?, ?, ?, ?, ?, ?, ?, ?, ?) 
2018-11-05 15:40:50.876 DEBUG --- [NioProcessor-22] com.zkpt.data.dao.BankDeviceBehaviorMapper.insert
				Line:159 - ==> Parameters: null, null, 5(Integer), null, null, system(String), 2018-11-05 15:40:50.555(Timestamp), null, null, null, null
2018-11-05 15:40:50.878 DEBUG --- [NioProcessor-22] com.zkpt.data.dao.BankDeviceBehaviorMapper.insert
				Line:159 - <==    Updates: 1
2018-11-05 15:40:50.878 DEBUG --- [NioProcessor-22] com.zkpt.data.dao.GasUserBehaviorMapper.insert
				Line:159 - ==>  Preparing: insert into mid_gas_user_behavior (ID, OPERTION_ID, BANK_DEVICE_ID, USER_NO, VALUE1, VALUE2, VALUE3, CREATE_BY, CREATE_DATE, UPDATE_BY, UPDATE_DATE, DELFLAG, DEL_DATE) values (?, ?, ?, ?, ?, ?, ?, ?, ?, ?, ?, ?, ?) 
2018-11-05 15:40:50.880 DEBUG --- [NioProcessor-22] com.zkpt.data.dao.GasUserBehaviorMapper.insert
				Line:159 - ==> Parameters: null, null, 5(Integer), 100100170008(String), null, null, null, system(String), 2018-11-05 15:40:50.555(Timestamp), null, null, null, null
2018-11-05 15:40:50.882 DEBUG --- [NioProcessor-22] com.zkpt.data.dao.GasUserBehaviorMapper.insert
				Line:159 - <==    Updates: 1
2018-11-05 15:40:50.882 DEBUG --- [NioProcessor-22] com.zkpt.data.dao.GasUserCostMapper.insert
				Line:159 - ==>  Preparing: insert into mid_gas_user_cost (ID, USER_NAME, USER_NO, MONTH, PREV_VAL, CURR_VAL, AIR_VAL, AIR_COST, PAY_ABLE_AIR_NUM, LATE_FEE, PAY_ABLE_AIR_COST, AIR_VAL1, AIR_COST1, AIR_VAL2, AIR_COST2, AIR_VAL3, AIR_COST3, AIR_VAL4, AIR_COST4, CREATE_BY, CREATE_DATE, UPDATE_BY, UPDATE_DATE, DELFLAG, DEL_DATE) values (?, ?, ?, ?, ?, ?, ?, ?, ?, ?, ?, ?, ?, ?, ?, ?, ?, ?, ?, ?, ?, ?, ?, ?, ?) 
2018-11-05 15:40:50.885 DEBUG --- [NioProcessor-22] com.zkpt.data.dao.GasUserCostMapper.insert
				Line:159 - ==> Parameters: null, 测试31(String), 100100170008(String), null, 3(BigDecimal), 6(BigDecimal), null, null, null, null, null, null, null, null, null, null, null, null, null, null, null, null, null, null, null
2018-11-05 15:40:50.886 DEBUG --- [NioProcessor-22] com.zkpt.data.dao.GasUserCostMapper.insert
				Line:159 - <==    Updates: 1
