2018-10-29 14:27:01.500 INFO  --- [restartedMain] com.zkpt.ZkptApplication
				Line:50  - Starting ZkptApplication on zhaoqi-PC with PID 11852 (C:\Users\zhaoqi\eclipse-workspace\Zkpt\target\classes started by zhaoqi in C:\Users\zhaoqi\eclipse-workspace\Zkpt)
2018-10-29 14:27:01.504 INFO  --- [restartedMain] com.zkpt.ZkptApplication
				Line:671 - No active profile set, falling back to default profiles: default
2018-10-29 14:27:03.433 INFO  --- [restartedMain] org.apache.coyote.http11.Http11NioProtocol
				Line:173 - Initializing ProtocolHandler ["http-nio-8081"]
2018-10-29 14:27:03.440 INFO  --- [restartedMain] org.apache.catalina.core.StandardService
				Line:173 - Starting service [Tomcat]
2018-10-29 14:27:03.441 INFO  --- [restartedMain] org.apache.catalina.core.StandardEngine
				Line:173 - Starting Servlet Engine: Apache Tomcat/9.0.12
2018-10-29 14:27:03.451 INFO  --- [restartedMain] org.apache.catalina.core.AprLifecycleListener
				Line:173 - The APR based Apache Tomcat Native library which allows optimal performance in production environments was not found on the java.library.path: [C:\Program Files\Java\jdk1.8.0_131\bin;C:\Windows\Sun\Java\bin;C:\Windows\system32;C:\Windows;C:/Program Files/Java/jdk1.8.0_131/bin/../jre/bin/server;C:/Program Files/Java/jdk1.8.0_131/bin/../jre/bin;C:/Program Files/Java/jdk1.8.0_131/bin/../jre/lib/amd64;C:\Program Files\RabbitMQServer\rabbitmq_server-3.7.8\sbin;C:\Program Files\erl10.1\bin;C:\ProgramData\Anaconda3;C:\ProgramData\Anaconda3\Library\mingw-w64\bin;C:\ProgramData\Anaconda3\Library\usr\bin;C:\ProgramData\Anaconda3\Library\bin;C:\ProgramData\Anaconda3\Scripts;C:\Program Files\Java\jdk1.8.0_131\bin;C:\Windows\system32;C:\Windows;C:\Windows\System32\Wbem;C:\Windows\System32\WindowsPowerShell\v1.0\;C:\Program Files\TortoiseSVN\bin;C:\Program Files (x86)\IDM Computer Solutions\UltraEdit;C:\Program Files\IDM Computer Solutions\UltraCompare;C:\Program Files\Git\cmd;C:\Program Files\MySQL\MySQL Utilities 1.6\;C:\Program Files\Microsoft VS Code\bin;C:\Program Files\eclipse-jee-oxygen;;.]
2018-10-29 14:27:03.567 INFO  --- [restartedMain] org.apache.catalina.core.ContainerBase.[Tomcat].[localhost].[/zkpt]
				Line:173 - Initializing Spring embedded WebApplicationContext
2018-10-29 14:27:03.914 INFO  --- [restartedMain] com.zkpt.DruidConfiguration
				Line:50  - 初始化数据源!
2018-10-29 14:27:05.051 INFO  --- [restartedMain] com.alibaba.druid.pool.DruidDataSource
				Line:930 - {dataSource-1} inited
2018-10-29 14:27:05.096 INFO  --- [restartedMain] org.quartz.impl.StdSchedulerFactory
				Line:1208 - Using default implementation for ThreadExecutor
2018-10-29 14:27:05.111 INFO  --- [restartedMain] org.quartz.core.SchedulerSignalerImpl
				Line:61  - Initialized Scheduler Signaller of type: class org.quartz.core.SchedulerSignalerImpl
2018-10-29 14:27:05.112 INFO  --- [restartedMain] org.quartz.core.QuartzScheduler
				Line:229 - Quartz Scheduler v.2.3.0 created.
2018-10-29 14:27:05.113 INFO  --- [restartedMain] org.quartz.simpl.RAMJobStore
				Line:155 - RAMJobStore initialized.
2018-10-29 14:27:05.114 INFO  --- [restartedMain] org.quartz.core.QuartzScheduler
				Line:294 - Scheduler meta-data: Quartz Scheduler (v2.3.0) 'quartzScheduler' with instanceId 'NON_CLUSTERED'
  Scheduler class: 'org.quartz.core.QuartzScheduler' - running locally.
  NOT STARTED.
  Currently in standby mode.
  Number of jobs executed: 0
  Using thread pool 'org.quartz.simpl.SimpleThreadPool' - with 10 threads.
  Using job-store 'org.quartz.simpl.RAMJobStore' - which does not support persistence. and is not clustered.

2018-10-29 14:27:05.114 INFO  --- [restartedMain] org.quartz.impl.StdSchedulerFactory
				Line:1362 - Quartz scheduler 'quartzScheduler' initialized from an externally provided properties instance.
2018-10-29 14:27:05.114 INFO  --- [restartedMain] org.quartz.impl.StdSchedulerFactory
				Line:1366 - Quartz scheduler version: 2.3.0
2018-10-29 14:27:05.115 INFO  --- [restartedMain] org.quartz.core.QuartzScheduler
				Line:2287 - JobFactory set to: org.springframework.scheduling.quartz.SpringBeanJobFactory@341e8c34
2018-10-29 14:27:05.480 INFO  --- [restartedMain] org.quartz.core.QuartzScheduler
				Line:547 - Scheduler quartzScheduler_$_NON_CLUSTERED started.
2018-10-29 14:27:05.488 INFO  --- [restartedMain] org.apache.coyote.http11.Http11NioProtocol
				Line:173 - Starting ProtocolHandler ["http-nio-8081"]
2018-10-29 14:27:05.498 INFO  --- [restartedMain] org.apache.tomcat.util.net.NioSelectorPool
				Line:173 - Using a shared selector for servlet write/read
2018-10-29 14:27:05.518 INFO  --- [restartedMain] com.zkpt.ZkptApplication
				Line:59  - Started ZkptApplication in 4.666 seconds (JVM running for 5.125)
2018-10-29 14:27:05.567 INFO  --- [restartedMain] com.zkpt.middleware.service.impl.MwFactoryServiceImpl
				Line:96  - server : 192.168.1.124:60001开始监听!
2018-10-29 14:27:51.169 INFO  --- [http-nio-8081-exec-1] org.apache.catalina.core.ContainerBase.[Tomcat].[localhost].[/zkpt]
				Line:173 - Initializing Spring DispatcherServlet 'dispatcherServlet'
2018-10-29 14:28:37.168 INFO  --- [NioProcessor-2] org.apache.mina.filter.logging.LoggingFilter
				Line:186 - CREATED
2018-10-29 14:28:37.169 INFO  --- [NioProcessor-2] com.zkpt.middleware.handler.BankServerHandler
				Line:47  - 中间件服务会话创建，连接过来的银行客户端IP和端口为:192.168.1.124:49386
2018-10-29 14:28:37.169 INFO  --- [NioProcessor-2] org.apache.mina.filter.logging.LoggingFilter
				Line:186 - OPENED
2018-10-29 14:28:37.169 INFO  --- [NioProcessor-2] com.zkpt.middleware.handler.BankServerHandler
				Line:72  - 中间件服务器会话打开，连接过来的银行客户端IP和端口为:192.168.1.124:49386
2018-10-29 14:28:37.174 INFO  --- [NioProcessor-2] org.apache.mina.filter.logging.LoggingFilter
				Line:157 - RECEIVED: HeapBuffer[pos=0 lim=61 cap=2048: 30 31 30 30 30 38 20 20 20 20 20 20 30 31 36 33 39 37 38 35 31 20 20 20 20 20 20 20 30 30 32 36 7C 38 31 31 7C 31 30 30 31 30 30 31 37 30 30 31 32 7C 30 30 30 30 30 30 7C 31 7C 0D 0A...]
2018-10-29 14:28:37.190 INFO  --- [NioProcessor-2] com.zkpt.middleware.handler.BankServerHandler
				Line:82  - 中间件服务器收到/192.168.1.124:49386数据包:
----------start 银行协议数据包----------
客户端(192.168.1.124:49386...20181029142837)
(String)数据格式:010008      016397851       0026|811|100100170012|000000|1|
请求命令:COST_ARREARAGE(811|查询欠费明细)
mina会话Key:1
交易包头内容:
	1) 包头:01
	2) 缴费点代码:0008
	3) 缴费点密码:     
	4) 备用: 
	5) 交易方式:01
	6) 交易流水号:6397851       
	7) 包体长度字节数:0026
	8) 包头结束符:|
交易包内容:811|100100170012|000000|1|
----------end 银行协议数据包----------

2018-10-29 14:28:37.225 INFO  --- [NioProcessor-14] org.apache.mina.filter.logging.LoggingFilter
				Line:186 - CREATED
2018-10-29 14:28:37.225 INFO  --- [NioProcessor-14] com.zkpt.middleware.handler.GasClientHandler
				Line:37  - 中间件服务器创建天然气客户端，IP和端口为: /192.168.1.124:10002
2018-10-29 14:28:37.230 INFO  --- [NioProcessor-14] org.apache.mina.filter.logging.LoggingFilter
				Line:186 - OPENED
2018-10-29 14:28:37.231 INFO  --- [NioProcessor-14] com.zkpt.middleware.handler.GasClientHandler
				Line:44  - 中间件服务器创建天然气客户端会话打开，IP和端口为: /192.168.1.124:10002
2018-10-29 14:28:37.237 INFO  --- [NioProcessor-14] org.apache.mina.filter.logging.LoggingFilter
				Line:157 - SENT: ----------start 天然气协议数据包----------
(String)数据格式:010100800000000010006397851201810291428370000000130100100170012|
请求命令:YHQFQK_COMM(0101|用户气费欠款)
交易包头内容:
	1) 请求标识，命令字:0101
	2) 银行编号:008
	3) 银行设备编号:0000000001
	4) 银行业务流水号:0006397851
	5) 请求方或者响应方本地时间戳:20181029142837
	6) 响应字响应方回馈:0000
	7) 包体长度字节数:00013
	8) 是否有下一包:0
交易包内容:100100170012|
----------end 天然气协议数据包----------

2018-10-29 14:28:37.238 INFO  --- [NioProcessor-14] com.zkpt.middleware.handler.GasClientHandler
				Line:65  - 中间件服务器创建天然气客户端发送消息:
----------start 天然气协议数据包----------
(String)数据格式:010100800000000010006397851201810291428370000000130100100170012|
请求命令:YHQFQK_COMM(0101|用户气费欠款)
交易包头内容:
	1) 请求标识，命令字:0101
	2) 银行编号:008
	3) 银行设备编号:0000000001
	4) 银行业务流水号:0006397851
	5) 请求方或者响应方本地时间戳:20181029142837
	6) 响应字响应方回馈:0000
	7) 包体长度字节数:00013
	8) 是否有下一包:0
交易包内容:100100170012|
----------end 天然气协议数据包----------

2018-10-29 14:28:47.240 INFO  --- [NioProcessor-14] org.apache.mina.filter.logging.LoggingFilter
				Line:186 - IDLE
2018-10-29 14:28:47.241 INFO  --- [NioProcessor-14] com.zkpt.middleware.handler.GasClientHandler
				Line:80  - -客户端与服务端连接[空闲] - both idle
2018-10-29 14:28:47.242 INFO  --- [NioProcessor-2] org.apache.mina.filter.logging.LoggingFilter
				Line:186 - IDLE
2018-10-29 14:28:52.242 INFO  --- [NioProcessor-14] org.apache.mina.filter.logging.LoggingFilter
				Line:186 - IDLE
2018-10-29 14:28:52.242 INFO  --- [NioProcessor-14] com.zkpt.middleware.handler.GasClientHandler
				Line:80  - -客户端与服务端连接[空闲] - reader idle
2018-10-29 14:28:52.242 INFO  --- [NioProcessor-14] org.apache.mina.filter.logging.LoggingFilter
				Line:186 - IDLE
2018-10-29 14:28:52.243 INFO  --- [NioProcessor-14] com.zkpt.middleware.handler.GasClientHandler
				Line:80  - -客户端与服务端连接[空闲] - writer idle
2018-10-29 14:28:57.242 INFO  --- [NioProcessor-2] org.apache.mina.filter.logging.LoggingFilter
				Line:186 - IDLE
2018-10-29 14:28:57.243 INFO  --- [NioProcessor-14] org.apache.mina.filter.logging.LoggingFilter
				Line:186 - IDLE
2018-10-29 14:28:57.243 INFO  --- [NioProcessor-14] com.zkpt.middleware.handler.GasClientHandler
				Line:80  - -客户端与服务端连接[空闲] - both idle
2018-10-29 14:29:07.243 INFO  --- [NioProcessor-2] org.apache.mina.filter.logging.LoggingFilter
				Line:186 - IDLE
2018-10-29 14:29:07.244 INFO  --- [NioProcessor-14] org.apache.mina.filter.logging.LoggingFilter
				Line:186 - IDLE
2018-10-29 14:29:07.244 INFO  --- [NioProcessor-14] com.zkpt.middleware.handler.GasClientHandler
				Line:80  - -客户端与服务端连接[空闲] - both idle
2018-10-29 14:29:07.245 INFO  --- [NioProcessor-14] org.apache.mina.filter.logging.LoggingFilter
				Line:186 - IDLE
2018-10-29 14:29:07.245 INFO  --- [NioProcessor-14] com.zkpt.middleware.handler.GasClientHandler
				Line:80  - -客户端与服务端连接[空闲] - reader idle
2018-10-29 14:29:07.245 INFO  --- [NioProcessor-14] org.apache.mina.filter.logging.LoggingFilter
				Line:186 - IDLE
2018-10-29 14:29:07.245 INFO  --- [NioProcessor-14] com.zkpt.middleware.handler.GasClientHandler
				Line:80  - -客户端与服务端连接[空闲] - writer idle
2018-10-29 14:29:17.245 INFO  --- [NioProcessor-2] org.apache.mina.filter.logging.LoggingFilter
				Line:186 - IDLE
2018-10-29 14:29:17.247 INFO  --- [NioProcessor-14] org.apache.mina.filter.logging.LoggingFilter
				Line:186 - IDLE
2018-10-29 14:29:17.247 INFO  --- [NioProcessor-14] com.zkpt.middleware.handler.GasClientHandler
				Line:80  - -客户端与服务端连接[空闲] - both idle
2018-10-29 14:29:22.248 INFO  --- [NioProcessor-14] org.apache.mina.filter.logging.LoggingFilter
				Line:186 - IDLE
2018-10-29 14:29:22.248 INFO  --- [NioProcessor-14] com.zkpt.middleware.handler.GasClientHandler
				Line:80  - -客户端与服务端连接[空闲] - reader idle
2018-10-29 14:29:22.248 INFO  --- [NioProcessor-14] org.apache.mina.filter.logging.LoggingFilter
				Line:186 - IDLE
2018-10-29 14:29:22.248 INFO  --- [NioProcessor-14] com.zkpt.middleware.handler.GasClientHandler
				Line:80  - -客户端与服务端连接[空闲] - writer idle
2018-10-29 14:29:27.246 INFO  --- [NioProcessor-2] org.apache.mina.filter.logging.LoggingFilter
				Line:186 - IDLE
2018-10-29 14:29:27.249 INFO  --- [NioProcessor-14] org.apache.mina.filter.logging.LoggingFilter
				Line:186 - IDLE
2018-10-29 14:29:27.249 INFO  --- [NioProcessor-14] com.zkpt.middleware.handler.GasClientHandler
				Line:80  - -客户端与服务端连接[空闲] - both idle
2018-10-29 14:29:36.615 INFO  --- [NioProcessor-14] org.apache.mina.filter.logging.LoggingFilter
				Line:157 - RECEIVED: HeapBuffer[pos=0 lim=160 cap=1024: 30 31 30 31 30 30 37 30 31 32 33 34 35 36 37 38 39 30 30 30 30 30 30 30 33 37 35 32 30 31 38 30 38 32 36 30 36 30 37 34 33 30 30 30 30 30 30 31 30 39 30 31 36 2E 39 34 7C 31 7C 31 31 30 31 30 32 36 34 30 30 33 30 7C BA FA BF A1 C9 FA 7C 32 30 31 38 30 38 7C 32 30 39 7C 32 31 37 7C 38 7C 31 37 2E 31 32 7C 31 36 2E 39 34 7C 30 7C 31 36 2E 39 34 7C 38 7C 32 2E 31 34 7C 46 46 46 46 46 7C 46 46 46 46 46 7C 46 46 46 46 46 7C 46 46 46 46 46 7C 46 46 46 46 46 7C 46 46 46 46 46 7C 24...]
2018-10-29 14:29:36.618 INFO  --- [NioProcessor-14] com.zkpt.middleware.handler.GasClientHandler
				Line:52  - 中间件服务器创建天然气客户端收到的消息:
----------start 天然气协议数据包----------
(String)数据格式:01010070123456789000000037520180826060743000000109016.94|1|110102640030|胡俊生|201808|209|217|8|17.12|16.94|0|16.94|8|2.14|FFFFF|FFFFF|FFFFF|FFFFF|FFFFF|FFFFF|$
请求命令:YHQFQK_COMM(0101|用户气费欠款)
交易包头内容:
	1) 请求标识，命令字:0101
	2) 银行编号:007
	3) 银行设备编号:0123456789
	4) 银行业务流水号:0000000375
	5) 请求方或者响应方本地时间戳:20180826060743
	6) 响应字响应方回馈:0000
	7) 包体长度字节数:00109
	8) 是否有下一包:0
交易包内容:16.94|1|110102640030|胡俊生|201808|209|217|8|17.12|16.94|0|16.94|8|2.14|FFFFF|FFFFF|FFFFF|FFFFF|FFFFF|FFFFF|$
----------end 天然气协议数据包----------

2018-10-29 14:29:36.630 INFO  --- [NioProcessor-2] org.apache.mina.filter.logging.LoggingFilter
				Line:157 - SENT: ----------start 银行协议数据包----------
客户端(null:0...20181029142936)
(String)数据格式:010008      016397851       0118|811|000|16.94|110102640030|胡俊生||0||0||||8.0|16.94|||0.0||201808|201808|209.0|217.0|||16.94|1||209|217|8.0|0.0|16.94|0|
请求命令:COST_ARREARAGE(811|查询欠费明细)
mina会话Key:1
交易包头内容:
	1) 包头:01
	2) 缴费点代码:0008
	3) 缴费点密码:     
	4) 备用: 
	5) 交易方式:01
	6) 交易流水号:6397851       
	7) 包体长度字节数:0118
	8) 包头结束符:|
交易包内容:811|000|16.94|110102640030|胡俊生||0||0||||8.0|16.94|||0.0||201808|201808|209.0|217.0|||16.94|1||209|217|8.0|0.0|16.94|0|
----------end 银行协议数据包----------

2018-10-29 14:29:36.633 INFO  --- [NioProcessor-2] com.zkpt.middleware.handler.BankServerHandler
				Line:93  - 中间件服务器给/192.168.1.124:49386发送数据包:
----------start 银行协议数据包----------
客户端(null:0...20181029142936)
(String)数据格式:010008      016397851       0118|811|000|16.94|110102640030|胡俊生||0||0||||8.0|16.94|||0.0||201808|201808|209.0|217.0|||16.94|1||209|217|8.0|0.0|16.94|0|
请求命令:COST_ARREARAGE(811|查询欠费明细)
mina会话Key:1
交易包头内容:
	1) 包头:01
	2) 缴费点代码:0008
	3) 缴费点密码:     
	4) 备用: 
	5) 交易方式:01
	6) 交易流水号:6397851       
	7) 包体长度字节数:0118
	8) 包头结束符:|
交易包内容:811|000|16.94|110102640030|胡俊生||0||0||||8.0|16.94|||0.0||201808|201808|209.0|217.0|||16.94|1||209|217|8.0|0.0|16.94|0|
----------end 银行协议数据包----------

2018-10-29 14:29:36.637 INFO  --- [NioProcessor-2] org.apache.mina.filter.logging.LoggingFilter
				Line:186 - CLOSED
2018-10-29 14:29:36.638 INFO  --- [NioProcessor-14] org.apache.mina.filter.logging.LoggingFilter
				Line:186 - CLOSED
2018-10-29 14:29:36.639 INFO  --- [NioProcessor-14] com.zkpt.middleware.handler.GasClientHandler
				Line:74  - /192.168.1.124:10002连接到天然气服务器关闭......
2018-10-29 14:29:36.638 INFO  --- [NioProcessor-2] com.zkpt.middleware.handler.BankServerHandler
				Line:109 - 客户端离开：192.168.1.124：49386
2018-10-29 14:29:36.640 INFO  --- [NioProcessor-2] com.zkpt.middleware.handler.BankServerHandler
				Line:114 - 连接到中间件服务器客户端离开：192.168.1.124：49386 ......
2018-10-29 14:50:38.726 INFO  --- [restartedMain] com.zkpt.ZkptApplication
				Line:50  - Starting ZkptApplication on zhaoqi-PC with PID 11376 (C:\Users\zhaoqi\eclipse-workspace\Zkpt\target\classes started by zhaoqi in C:\Users\zhaoqi\eclipse-workspace\Zkpt)
2018-10-29 14:50:38.732 INFO  --- [restartedMain] com.zkpt.ZkptApplication
				Line:671 - No active profile set, falling back to default profiles: default
2018-10-29 14:50:41.342 INFO  --- [restartedMain] org.apache.coyote.http11.Http11NioProtocol
				Line:173 - Initializing ProtocolHandler ["http-nio-8081"]
2018-10-29 14:50:41.352 INFO  --- [restartedMain] org.apache.catalina.core.StandardService
				Line:173 - Starting service [Tomcat]
2018-10-29 14:50:41.352 INFO  --- [restartedMain] org.apache.catalina.core.StandardEngine
				Line:173 - Starting Servlet Engine: Apache Tomcat/9.0.12
2018-10-29 14:50:41.377 INFO  --- [restartedMain] org.apache.catalina.core.AprLifecycleListener
				Line:173 - The APR based Apache Tomcat Native library which allows optimal performance in production environments was not found on the java.library.path: [C:\Program Files\Java\jdk1.8.0_131\bin;C:\Windows\Sun\Java\bin;C:\Windows\system32;C:\Windows;C:/Program Files/Java/jdk1.8.0_131/bin/../jre/bin/server;C:/Program Files/Java/jdk1.8.0_131/bin/../jre/bin;C:/Program Files/Java/jdk1.8.0_131/bin/../jre/lib/amd64;C:\Program Files\RabbitMQServer\rabbitmq_server-3.7.8\sbin;C:\Program Files\erl10.1\bin;C:\ProgramData\Anaconda3;C:\ProgramData\Anaconda3\Library\mingw-w64\bin;C:\ProgramData\Anaconda3\Library\usr\bin;C:\ProgramData\Anaconda3\Library\bin;C:\ProgramData\Anaconda3\Scripts;C:\Program Files\Java\jdk1.8.0_131\bin;C:\Windows\system32;C:\Windows;C:\Windows\System32\Wbem;C:\Windows\System32\WindowsPowerShell\v1.0\;C:\Program Files\TortoiseSVN\bin;C:\Program Files (x86)\IDM Computer Solutions\UltraEdit;C:\Program Files\IDM Computer Solutions\UltraCompare;C:\Program Files\Git\cmd;C:\Program Files\MySQL\MySQL Utilities 1.6\;C:\Program Files\Microsoft VS Code\bin;C:\Program Files\eclipse-jee-oxygen;;.]
2018-10-29 14:50:41.538 INFO  --- [restartedMain] org.apache.catalina.core.ContainerBase.[Tomcat].[localhost].[/zkpt]
				Line:173 - Initializing Spring embedded WebApplicationContext
2018-10-29 14:50:41.923 INFO  --- [restartedMain] com.zkpt.DruidConfiguration
				Line:50  - 初始化数据源!
2018-10-29 14:50:43.454 INFO  --- [restartedMain] com.alibaba.druid.pool.DruidDataSource
				Line:930 - {dataSource-1} inited
2018-10-29 14:50:43.525 INFO  --- [restartedMain] org.quartz.impl.StdSchedulerFactory
				Line:1208 - Using default implementation for ThreadExecutor
2018-10-29 14:50:43.559 INFO  --- [restartedMain] org.quartz.core.SchedulerSignalerImpl
				Line:61  - Initialized Scheduler Signaller of type: class org.quartz.core.SchedulerSignalerImpl
2018-10-29 14:50:43.560 INFO  --- [restartedMain] org.quartz.core.QuartzScheduler
				Line:229 - Quartz Scheduler v.2.3.0 created.
2018-10-29 14:50:43.562 INFO  --- [restartedMain] org.quartz.simpl.RAMJobStore
				Line:155 - RAMJobStore initialized.
2018-10-29 14:50:43.563 INFO  --- [restartedMain] org.quartz.core.QuartzScheduler
				Line:294 - Scheduler meta-data: Quartz Scheduler (v2.3.0) 'quartzScheduler' with instanceId 'NON_CLUSTERED'
  Scheduler class: 'org.quartz.core.QuartzScheduler' - running locally.
  NOT STARTED.
  Currently in standby mode.
  Number of jobs executed: 0
  Using thread pool 'org.quartz.simpl.SimpleThreadPool' - with 10 threads.
  Using job-store 'org.quartz.simpl.RAMJobStore' - which does not support persistence. and is not clustered.

2018-10-29 14:50:43.564 INFO  --- [restartedMain] org.quartz.impl.StdSchedulerFactory
				Line:1362 - Quartz scheduler 'quartzScheduler' initialized from an externally provided properties instance.
2018-10-29 14:50:43.564 INFO  --- [restartedMain] org.quartz.impl.StdSchedulerFactory
				Line:1366 - Quartz scheduler version: 2.3.0
2018-10-29 14:50:43.565 INFO  --- [restartedMain] org.quartz.core.QuartzScheduler
				Line:2287 - JobFactory set to: org.springframework.scheduling.quartz.SpringBeanJobFactory@372233fc
2018-10-29 14:50:43.969 INFO  --- [restartedMain] org.quartz.core.QuartzScheduler
				Line:547 - Scheduler quartzScheduler_$_NON_CLUSTERED started.
2018-10-29 14:50:43.979 INFO  --- [restartedMain] org.apache.coyote.http11.Http11NioProtocol
				Line:173 - Starting ProtocolHandler ["http-nio-8081"]
2018-10-29 14:50:43.989 INFO  --- [restartedMain] org.apache.tomcat.util.net.NioSelectorPool
				Line:173 - Using a shared selector for servlet write/read
2018-10-29 14:50:44.032 INFO  --- [restartedMain] com.zkpt.ZkptApplication
				Line:59  - Started ZkptApplication in 6.284 seconds (JVM running for 7.397)
2018-10-29 14:50:44.237 INFO  --- [restartedMain] com.zkpt.middleware.service.impl.MwFactoryServiceImpl
				Line:96  - server : 192.168.1.124:60001开始监听!
2018-10-29 16:23:24.581 INFO  --- [restartedMain] com.zkpt.ZkptApplication
				Line:50  - Starting ZkptApplication on zhaoqi-PC with PID 8068 (C:\Users\zhaoqi\eclipse-workspace\Zkpt\target\classes started by zhaoqi in C:\Users\zhaoqi\eclipse-workspace\Zkpt)
2018-10-29 16:23:24.584 INFO  --- [restartedMain] com.zkpt.ZkptApplication
				Line:671 - No active profile set, falling back to default profiles: default
2018-10-29 16:23:26.253 INFO  --- [restartedMain] org.apache.coyote.http11.Http11NioProtocol
				Line:173 - Initializing ProtocolHandler ["http-nio-8081"]
2018-10-29 16:23:26.260 INFO  --- [restartedMain] org.apache.catalina.core.StandardService
				Line:173 - Starting service [Tomcat]
2018-10-29 16:23:26.261 INFO  --- [restartedMain] org.apache.catalina.core.StandardEngine
				Line:173 - Starting Servlet Engine: Apache Tomcat/9.0.12
2018-10-29 16:23:26.271 INFO  --- [restartedMain] org.apache.catalina.core.AprLifecycleListener
				Line:173 - The APR based Apache Tomcat Native library which allows optimal performance in production environments was not found on the java.library.path: [C:\Program Files\Java\jdk1.8.0_131\bin;C:\Windows\Sun\Java\bin;C:\Windows\system32;C:\Windows;C:/Program Files/Java/jdk1.8.0_131/bin/../jre/bin/server;C:/Program Files/Java/jdk1.8.0_131/bin/../jre/bin;C:/Program Files/Java/jdk1.8.0_131/bin/../jre/lib/amd64;C:\Program Files\RabbitMQServer\rabbitmq_server-3.7.8\sbin;C:\Program Files\erl10.1\bin;C:\ProgramData\Anaconda3;C:\ProgramData\Anaconda3\Library\mingw-w64\bin;C:\ProgramData\Anaconda3\Library\usr\bin;C:\ProgramData\Anaconda3\Library\bin;C:\ProgramData\Anaconda3\Scripts;C:\Program Files\Java\jdk1.8.0_131\bin;C:\Windows\system32;C:\Windows;C:\Windows\System32\Wbem;C:\Windows\System32\WindowsPowerShell\v1.0\;C:\Program Files\TortoiseSVN\bin;C:\Program Files (x86)\IDM Computer Solutions\UltraEdit;C:\Program Files\IDM Computer Solutions\UltraCompare;C:\Program Files\Git\cmd;C:\Program Files\MySQL\MySQL Utilities 1.6\;C:\Program Files\Microsoft VS Code\bin;C:\Program Files\eclipse-jee-oxygen;;.]
2018-10-29 16:23:26.385 INFO  --- [restartedMain] org.apache.catalina.core.ContainerBase.[Tomcat].[localhost].[/zkpt]
				Line:173 - Initializing Spring embedded WebApplicationContext
2018-10-29 16:23:26.679 INFO  --- [restartedMain] com.zkpt.DruidConfiguration
				Line:50  - 初始化数据源!
2018-10-29 16:23:27.667 INFO  --- [restartedMain] com.alibaba.druid.pool.DruidDataSource
				Line:930 - {dataSource-1} inited
2018-10-29 16:23:27.709 INFO  --- [restartedMain] org.quartz.impl.StdSchedulerFactory
				Line:1208 - Using default implementation for ThreadExecutor
2018-10-29 16:23:27.725 INFO  --- [restartedMain] org.quartz.core.SchedulerSignalerImpl
				Line:61  - Initialized Scheduler Signaller of type: class org.quartz.core.SchedulerSignalerImpl
2018-10-29 16:23:27.725 INFO  --- [restartedMain] org.quartz.core.QuartzScheduler
				Line:229 - Quartz Scheduler v.2.3.0 created.
2018-10-29 16:23:27.726 INFO  --- [restartedMain] org.quartz.simpl.RAMJobStore
				Line:155 - RAMJobStore initialized.
2018-10-29 16:23:27.727 INFO  --- [restartedMain] org.quartz.core.QuartzScheduler
				Line:294 - Scheduler meta-data: Quartz Scheduler (v2.3.0) 'quartzScheduler' with instanceId 'NON_CLUSTERED'
  Scheduler class: 'org.quartz.core.QuartzScheduler' - running locally.
  NOT STARTED.
  Currently in standby mode.
  Number of jobs executed: 0
  Using thread pool 'org.quartz.simpl.SimpleThreadPool' - with 10 threads.
  Using job-store 'org.quartz.simpl.RAMJobStore' - which does not support persistence. and is not clustered.

2018-10-29 16:23:27.727 INFO  --- [restartedMain] org.quartz.impl.StdSchedulerFactory
				Line:1362 - Quartz scheduler 'quartzScheduler' initialized from an externally provided properties instance.
2018-10-29 16:23:27.727 INFO  --- [restartedMain] org.quartz.impl.StdSchedulerFactory
				Line:1366 - Quartz scheduler version: 2.3.0
2018-10-29 16:23:27.728 INFO  --- [restartedMain] org.quartz.core.QuartzScheduler
				Line:2287 - JobFactory set to: org.springframework.scheduling.quartz.SpringBeanJobFactory@3afaedb5
2018-10-29 16:23:27.942 INFO  --- [restartedMain] org.quartz.core.QuartzScheduler
				Line:547 - Scheduler quartzScheduler_$_NON_CLUSTERED started.
2018-10-29 16:23:27.950 INFO  --- [restartedMain] org.apache.coyote.http11.Http11NioProtocol
				Line:173 - Starting ProtocolHandler ["http-nio-8081"]
2018-10-29 16:23:27.959 INFO  --- [restartedMain] org.apache.tomcat.util.net.NioSelectorPool
				Line:173 - Using a shared selector for servlet write/read
2018-10-29 16:23:27.977 INFO  --- [restartedMain] com.zkpt.ZkptApplication
				Line:59  - Started ZkptApplication in 4.024 seconds (JVM running for 4.468)
2018-10-29 16:23:28.034 INFO  --- [restartedMain] com.zkpt.middleware.service.impl.MwFactoryServiceImpl
				Line:96  - server : 192.168.1.124:60001开始监听!
2018-10-29 16:23:42.838 INFO  --- [http-nio-8081-exec-2] org.apache.catalina.core.ContainerBase.[Tomcat].[localhost].[/zkpt]
				Line:173 - Initializing Spring DispatcherServlet 'dispatcherServlet'
2018-10-29 16:23:42.900 INFO  --- [NioProcessor-2] org.apache.mina.filter.logging.LoggingFilter
				Line:186 - CREATED
2018-10-29 16:23:42.901 INFO  --- [NioProcessor-2] com.zkpt.middleware.handler.BankServerHandler
				Line:47  - 中间件服务会话创建，连接过来的银行客户端IP和端口为:192.168.1.124:53097
2018-10-29 16:23:42.901 INFO  --- [NioProcessor-2] org.apache.mina.filter.logging.LoggingFilter
				Line:186 - OPENED
2018-10-29 16:23:42.901 INFO  --- [NioProcessor-2] com.zkpt.middleware.handler.BankServerHandler
				Line:72  - 中间件服务器会话打开，连接过来的银行客户端IP和端口为:192.168.1.124:53097
2018-10-29 16:23:42.906 INFO  --- [NioProcessor-2] org.apache.mina.filter.logging.LoggingFilter
				Line:157 - RECEIVED: HeapBuffer[pos=0 lim=61 cap=2048: 30 31 30 30 30 38 20 20 20 20 20 20 30 31 36 33 39 37 38 35 31 20 20 20 20 20 20 20 30 30 32 36 7C 38 31 31 7C 31 30 30 31 30 30 31 37 30 30 31 32 7C 30 30 30 30 30 30 7C 31 7C 0D 0A...]
2018-10-29 16:23:42.910 INFO  --- [NioProcessor-2] com.zkpt.middleware.handler.BankServerHandler
				Line:82  - 中间件服务器收到/192.168.1.124:53097数据包:
----------start 银行协议数据包----------
客户端(192.168.1.124:53097...20181029162342)
(String)数据格式:010008      016397851       0026|811|100100170012|000000|1|
请求命令:COST_ARREARAGE(811|查询欠费明细)
mina会话Key:1
交易包头内容:
	1) 包头:01
	2) 缴费点代码:0008
	3) 缴费点密码:     
	4) 备用: 
	5) 交易方式:01
	6) 交易流水号:6397851       
	7) 包体长度字节数:0026
	8) 包头结束符:|
交易包内容:811|100100170012|000000|1|
----------end 银行协议数据包----------

2018-10-29 16:24:22.975 INFO  --- [NioProcessor-2] com.zkpt.bank.service.impl.BankQueryArrearsServiceImpl
				Line:42  - 连接天然气服务器失败，查询失败！
2018-10-29 16:24:22.984 INFO  --- [NioProcessor-2] org.apache.mina.filter.logging.LoggingFilter
				Line:186 - IDLE
2018-10-29 16:24:25.041 INFO  --- [NioProcessor-4] org.apache.mina.filter.logging.LoggingFilter
				Line:186 - CREATED
2018-10-29 16:24:25.043 INFO  --- [NioProcessor-4] com.zkpt.middleware.handler.BankServerHandler
				Line:47  - 中间件服务会话创建，连接过来的银行客户端IP和端口为:192.168.1.124:53151
2018-10-29 16:24:25.043 INFO  --- [NioProcessor-4] org.apache.mina.filter.logging.LoggingFilter
				Line:186 - OPENED
2018-10-29 16:24:25.044 INFO  --- [NioProcessor-4] com.zkpt.middleware.handler.BankServerHandler
				Line:65  - 该IP已有客户端连接，禁止新链接
2018-10-29 16:24:25.045 INFO  --- [NioProcessor-4] org.apache.mina.filter.logging.LoggingFilter
				Line:186 - CLOSED
2018-10-29 16:24:25.046 INFO  --- [NioProcessor-4] com.zkpt.middleware.handler.BankServerHandler
				Line:109 - 客户端离开：192.168.1.124：53151
2018-10-29 16:24:25.046 INFO  --- [NioProcessor-4] com.zkpt.middleware.handler.BankServerHandler
				Line:114 - 连接到中间件服务器客户端离开：192.168.1.124：53151 ......
2018-10-29 16:24:32.100 INFO  --- [NioProcessor-1] org.apache.mina.filter.logging.LoggingFilter
				Line:186 - CREATED
2018-10-29 16:24:32.102 INFO  --- [NioProcessor-1] com.zkpt.middleware.handler.BankServerHandler
				Line:47  - 中间件服务会话创建，连接过来的银行客户端IP和端口为:192.168.1.124:53164
2018-10-29 16:24:32.102 INFO  --- [NioProcessor-1] org.apache.mina.filter.logging.LoggingFilter
				Line:186 - OPENED
2018-10-29 16:24:32.102 INFO  --- [NioProcessor-1] com.zkpt.middleware.handler.BankServerHandler
				Line:72  - 中间件服务器会话打开，连接过来的银行客户端IP和端口为:192.168.1.124:53164
2018-10-29 16:24:32.103 INFO  --- [NioProcessor-1] org.apache.mina.filter.logging.LoggingFilter
				Line:157 - RECEIVED: HeapBuffer[pos=0 lim=61 cap=2048: 30 31 30 30 30 38 20 20 20 20 20 20 30 31 36 33 39 37 38 35 31 20 20 20 20 20 20 20 30 30 32 36 7C 38 31 31 7C 31 30 30 31 30 30 31 37 30 30 31 32 7C 30 30 30 30 30 30 7C 31 7C 0D 0A...]
2018-10-29 16:24:32.103 INFO  --- [NioProcessor-1] com.zkpt.middleware.handler.BankServerHandler
				Line:82  - 中间件服务器收到/192.168.1.124:53164数据包:
----------start 银行协议数据包----------
客户端(192.168.1.124:53164...20181029162432)
(String)数据格式:010008      016397851       0026|811|100100170012|000000|1|
请求命令:COST_ARREARAGE(811|查询欠费明细)
mina会话Key:5
交易包头内容:
	1) 包头:01
	2) 缴费点代码:0008
	3) 缴费点密码:     
	4) 备用: 
	5) 交易方式:01
	6) 交易流水号:6397851       
	7) 包体长度字节数:0026
	8) 包头结束符:|
交易包内容:811|100100170012|000000|1|
----------end 银行协议数据包----------

2018-10-29 16:24:32.116 INFO  --- [NioProcessor-28] org.apache.mina.filter.logging.LoggingFilter
				Line:186 - CREATED
2018-10-29 16:24:32.117 INFO  --- [NioProcessor-28] com.zkpt.middleware.handler.GasClientHandler
				Line:37  - 中间件服务器创建天然气客户端，IP和端口为: /192.168.1.124:10002
2018-10-29 16:24:32.117 INFO  --- [NioProcessor-28] org.apache.mina.filter.logging.LoggingFilter
				Line:186 - OPENED
2018-10-29 16:24:32.117 INFO  --- [NioProcessor-28] com.zkpt.middleware.handler.GasClientHandler
				Line:44  - 中间件服务器创建天然气客户端会话打开，IP和端口为: /192.168.1.124:10002
2018-10-29 16:24:32.118 INFO  --- [NioProcessor-28] org.apache.mina.filter.logging.LoggingFilter
				Line:157 - SENT: ----------start 天然气协议数据包----------
(String)数据格式:010100800000000010006397851201810291624320000000130100100170012|
请求命令:YHQFQK_COMM(0101|用户气费欠款)
交易包头内容:
	1) 请求标识，命令字:0101
	2) 银行编号:008
	3) 银行设备编号:0000000001
	4) 银行业务流水号:0006397851
	5) 请求方或者响应方本地时间戳:20181029162432
	6) 响应字响应方回馈:0000
	7) 包体长度字节数:00013
	8) 是否有下一包:0
交易包内容:100100170012|
----------end 天然气协议数据包----------

2018-10-29 16:24:32.119 INFO  --- [NioProcessor-28] com.zkpt.middleware.handler.GasClientHandler
				Line:65  - 中间件服务器创建天然气客户端发送消息:
----------start 天然气协议数据包----------
(String)数据格式:010100800000000010006397851201810291624320000000130100100170012|
请求命令:YHQFQK_COMM(0101|用户气费欠款)
交易包头内容:
	1) 请求标识，命令字:0101
	2) 银行编号:008
	3) 银行设备编号:0000000001
	4) 银行业务流水号:0006397851
	5) 请求方或者响应方本地时间戳:20181029162432
	6) 响应字响应方回馈:0000
	7) 包体长度字节数:00013
	8) 是否有下一包:0
交易包内容:100100170012|
----------end 天然气协议数据包----------

2018-10-29 16:24:32.985 INFO  --- [NioProcessor-2] org.apache.mina.filter.logging.LoggingFilter
				Line:186 - IDLE
2018-10-29 16:24:40.698 INFO  --- [NioProcessor-28] org.apache.mina.filter.logging.LoggingFilter
				Line:157 - RECEIVED: HeapBuffer[pos=0 lim=246 cap=1024: 30 31 30 31 30 30 39 30 30 30 30 30 30 30 30 30 31 30 30 30 36 34 30 32 35 30 37 32 30 31 38 31 30 32 39 31 36 30 38 30 35 30 30 30 30 30 30 31 39 35 30 38 2E 35 36 7C 32 7C 31 30 30 31 30 30 31 37 30 30 31 32 7C B2 E2 CA D4 31 34 7C 32 30 31 38 30 38 7C 30 7C 31 7C 31 7C 32 2E 31 34 7C 32 2E 31 34 7C 30 7C 32 2E 31 34 7C 31 7C 32 2E 31 34 7C 46 46 46 46 46 7C 46 46 46 46 46 7C 46 46 46 46 46 7C 46 46 46 46 46 7C 46 46 46 46 46 7C 46 46 46 46 46 7C 24 31 30 30 31 30 30 31 37 30 30 31 32 7C B2 E2 CA D4 31 34 7C 32 30 31 38 31 30 7C 31 7C 34 7C 33 7C 36 2E 34 32 7C 36 2E 34 32 7C 30 7C 36 2E 34 32 7C 33 7C 32 2E 31 34 7C 46 46 46 46 46 7C 46 46 46 46 46 7C 46 46 46 46 46 7C 46 46 46 46 46 7C 46 46 46 46 46 7C 46 46 46 46 46 7C 24...]
2018-10-29 16:24:40.700 INFO  --- [NioProcessor-28] com.zkpt.middleware.handler.GasClientHandler
				Line:52  - 中间件服务器创建天然气客户端收到的消息:
----------start 天然气协议数据包----------
(String)数据格式:0101009000000000100064025072018102916080500000019508.56|2|100100170012|测试14|201808|0|1|1|2.14|2.14|0|2.14|1|2.14|FFFFF|FFFFF|FFFFF|FFFFF|FFFFF|FFFFF|$100100170012|测试14|201810|1|4|3|6.42|6.42|0|6.42|3|2.14|FFFFF|FFFFF|FFFFF|FFFFF|FFFFF|FFFFF|$
请求命令:YHQFQK_COMM(0101|用户气费欠款)
交易包头内容:
	1) 请求标识，命令字:0101
	2) 银行编号:009
	3) 银行设备编号:0000000001
	4) 银行业务流水号:0006402507
	5) 请求方或者响应方本地时间戳:20181029160805
	6) 响应字响应方回馈:0000
	7) 包体长度字节数:00195
	8) 是否有下一包:0
交易包内容:8.56|2|100100170012|测试14|201808|0|1|1|2.14|2.14|0|2.14|1|2.14|FFFFF|FFFFF|FFFFF|FFFFF|FFFFF|FFFFF|$100100170012|测试14|201810|1|4|3|6.42|6.42|0|6.42|3|2.14|FFFFF|FFFFF|FFFFF|FFFFF|FFFFF|FFFFF|$
----------end 天然气协议数据包----------

2018-10-29 16:24:40.705 INFO  --- [NioProcessor-1] org.apache.mina.filter.logging.LoggingFilter
				Line:157 - SENT: ----------start 银行协议数据包----------
客户端(null:0...20181029162440)
(String)数据格式:010008      016397851       0102|811|000|8.56|100100170012|测试14||0||0||||1.0|8.56|||0.0||201808|0|0.0|0.0|||8.56|2||0|1|1.0|0.0|2.14|0|
请求命令:COST_ARREARAGE(811|查询欠费明细)
mina会话Key:5
交易包头内容:
	1) 包头:01
	2) 缴费点代码:0008
	3) 缴费点密码:     
	4) 备用: 
	5) 交易方式:01
	6) 交易流水号:6397851       
	7) 包体长度字节数:0102
	8) 包头结束符:|
交易包内容:811|000|8.56|100100170012|测试14||0||0||||1.0|8.56|||0.0||201808|0|0.0|0.0|||8.56|2||0|1|1.0|0.0|2.14|0|
----------end 银行协议数据包----------

2018-10-29 16:24:40.707 INFO  --- [NioProcessor-1] com.zkpt.middleware.handler.BankServerHandler
				Line:93  - 中间件服务器给/192.168.1.124:53164发送数据包:
----------start 银行协议数据包----------
客户端(null:0...20181029162440)
(String)数据格式:010008      016397851       0102|811|000|8.56|100100170012|测试14||0||0||||1.0|8.56|||0.0||201808|0|0.0|0.0|||8.56|2||0|1|1.0|0.0|2.14|0|
请求命令:COST_ARREARAGE(811|查询欠费明细)
mina会话Key:5
交易包头内容:
	1) 包头:01
	2) 缴费点代码:0008
	3) 缴费点密码:     
	4) 备用: 
	5) 交易方式:01
	6) 交易流水号:6397851       
	7) 包体长度字节数:0102
	8) 包头结束符:|
交易包内容:811|000|8.56|100100170012|测试14||0||0||||1.0|8.56|||0.0||201808|0|0.0|0.0|||8.56|2||0|1|1.0|0.0|2.14|0|
----------end 银行协议数据包----------

2018-10-29 16:24:40.708 INFO  --- [NioProcessor-1] org.apache.mina.filter.logging.LoggingFilter
				Line:186 - CLOSED
2018-10-29 16:24:40.708 INFO  --- [NioProcessor-1] com.zkpt.middleware.handler.BankServerHandler
				Line:109 - 客户端离开：192.168.1.124：53164
2018-10-29 16:24:40.709 INFO  --- [NioProcessor-1] com.zkpt.middleware.handler.BankServerHandler
				Line:114 - 连接到中间件服务器客户端离开：192.168.1.124：53164 ......
2018-10-29 16:24:40.710 INFO  --- [NioProcessor-28] org.apache.mina.filter.logging.LoggingFilter
				Line:186 - CLOSED
2018-10-29 16:24:40.710 INFO  --- [NioProcessor-28] com.zkpt.middleware.handler.GasClientHandler
				Line:74  - /192.168.1.124:10002连接到天然气服务器关闭......
2018-10-29 16:24:42.986 INFO  --- [NioProcessor-2] org.apache.mina.filter.logging.LoggingFilter
				Line:186 - IDLE
2018-10-29 16:26:38.980 INFO  --- [restartedMain] com.zkpt.ZkptApplication
				Line:50  - Starting ZkptApplication on zhaoqi-PC with PID 1956 (C:\Users\zhaoqi\eclipse-workspace\Zkpt\target\classes started by zhaoqi in C:\Users\zhaoqi\eclipse-workspace\Zkpt)
2018-10-29 16:26:39.005 INFO  --- [restartedMain] com.zkpt.ZkptApplication
				Line:671 - No active profile set, falling back to default profiles: default
2018-10-29 16:26:40.924 INFO  --- [restartedMain] org.apache.coyote.http11.Http11NioProtocol
				Line:173 - Initializing ProtocolHandler ["http-nio-8081"]
2018-10-29 16:26:40.932 INFO  --- [restartedMain] org.apache.catalina.core.StandardService
				Line:173 - Starting service [Tomcat]
2018-10-29 16:26:40.932 INFO  --- [restartedMain] org.apache.catalina.core.StandardEngine
				Line:173 - Starting Servlet Engine: Apache Tomcat/9.0.12
2018-10-29 16:26:40.944 INFO  --- [restartedMain] org.apache.catalina.core.AprLifecycleListener
				Line:173 - The APR based Apache Tomcat Native library which allows optimal performance in production environments was not found on the java.library.path: [C:\Program Files\Java\jdk1.8.0_131\bin;C:\Windows\Sun\Java\bin;C:\Windows\system32;C:\Windows;C:\Program Files\Java\jdk1.8.0_131\jre\bin;C:/Program Files/Java/jdk1.8.0_131/bin/../jre/bin/server;C:/Program Files/Java/jdk1.8.0_131/bin/../jre/bin;C:/Program Files/Java/jdk1.8.0_131/bin/../jre/lib/amd64;C:\Program Files\RabbitMQServer\rabbitmq_server-3.7.8\sbin;C:\Program Files\erl10.1\bin;C:\ProgramData\Anaconda3;C:\ProgramData\Anaconda3\Library\mingw-w64\bin;C:\ProgramData\Anaconda3\Library\usr\bin;C:\ProgramData\Anaconda3\Library\bin;C:\ProgramData\Anaconda3\Scripts;C:\Program Files\Java\jdk1.8.0_131\bin;C:\Windows\system32;C:\Windows;C:\Windows\System32\Wbem;C:\Windows\System32\WindowsPowerShell\v1.0\;C:\Program Files\TortoiseSVN\bin;C:\Program Files (x86)\IDM Computer Solutions\UltraEdit;C:\Program Files\IDM Computer Solutions\UltraCompare;C:\Program Files\Git\cmd;C:\Program Files\MySQL\MySQL Utilities 1.6\;C:\Program Files\Microsoft VS Code\bin;C:\Program Files\eclipse-jee-oxygen;;.]
2018-10-29 16:26:41.071 INFO  --- [restartedMain] org.apache.catalina.core.ContainerBase.[Tomcat].[localhost].[/zkpt]
				Line:173 - Initializing Spring embedded WebApplicationContext
2018-10-29 16:26:41.659 INFO  --- [restartedMain] com.zkpt.DruidConfiguration
				Line:50  - 初始化数据源!
2018-10-29 16:26:42.802 INFO  --- [restartedMain] com.alibaba.druid.pool.DruidDataSource
				Line:930 - {dataSource-1} inited
2018-10-29 16:26:42.849 INFO  --- [restartedMain] org.quartz.impl.StdSchedulerFactory
				Line:1208 - Using default implementation for ThreadExecutor
2018-10-29 16:26:42.866 INFO  --- [restartedMain] org.quartz.core.SchedulerSignalerImpl
				Line:61  - Initialized Scheduler Signaller of type: class org.quartz.core.SchedulerSignalerImpl
2018-10-29 16:26:42.866 INFO  --- [restartedMain] org.quartz.core.QuartzScheduler
				Line:229 - Quartz Scheduler v.2.3.0 created.
2018-10-29 16:26:42.868 INFO  --- [restartedMain] org.quartz.simpl.RAMJobStore
				Line:155 - RAMJobStore initialized.
2018-10-29 16:26:42.869 INFO  --- [restartedMain] org.quartz.core.QuartzScheduler
				Line:294 - Scheduler meta-data: Quartz Scheduler (v2.3.0) 'quartzScheduler' with instanceId 'NON_CLUSTERED'
  Scheduler class: 'org.quartz.core.QuartzScheduler' - running locally.
  NOT STARTED.
  Currently in standby mode.
  Number of jobs executed: 0
  Using thread pool 'org.quartz.simpl.SimpleThreadPool' - with 10 threads.
  Using job-store 'org.quartz.simpl.RAMJobStore' - which does not support persistence. and is not clustered.

2018-10-29 16:26:42.869 INFO  --- [restartedMain] org.quartz.impl.StdSchedulerFactory
				Line:1362 - Quartz scheduler 'quartzScheduler' initialized from an externally provided properties instance.
2018-10-29 16:26:42.869 INFO  --- [restartedMain] org.quartz.impl.StdSchedulerFactory
				Line:1366 - Quartz scheduler version: 2.3.0
2018-10-29 16:26:42.874 INFO  --- [restartedMain] org.quartz.core.QuartzScheduler
				Line:2287 - JobFactory set to: org.springframework.scheduling.quartz.SpringBeanJobFactory@253831a3
2018-10-29 16:26:43.103 INFO  --- [restartedMain] org.quartz.core.QuartzScheduler
				Line:547 - Scheduler quartzScheduler_$_NON_CLUSTERED started.
2018-10-29 16:26:43.112 INFO  --- [restartedMain] org.apache.coyote.http11.Http11NioProtocol
				Line:173 - Starting ProtocolHandler ["http-nio-8081"]
2018-10-29 16:26:43.122 INFO  --- [restartedMain] org.apache.tomcat.util.net.NioSelectorPool
				Line:173 - Using a shared selector for servlet write/read
2018-10-29 16:26:43.149 INFO  --- [restartedMain] com.zkpt.ZkptApplication
				Line:59  - Started ZkptApplication in 4.861 seconds (JVM running for 6.129)
2018-10-29 16:26:43.216 INFO  --- [restartedMain] com.zkpt.middleware.service.impl.MwFactoryServiceImpl
				Line:96  - server : 192.168.1.124:60001开始监听!
2018-10-29 16:26:52.454 INFO  --- [http-nio-8081-exec-2] org.apache.catalina.core.ContainerBase.[Tomcat].[localhost].[/zkpt]
				Line:173 - Initializing Spring DispatcherServlet 'dispatcherServlet'
2018-10-29 16:26:52.538 INFO  --- [NioProcessor-2] org.apache.mina.filter.logging.LoggingFilter
				Line:186 - CREATED
2018-10-29 16:26:52.538 INFO  --- [NioProcessor-2] com.zkpt.middleware.handler.BankServerHandler
				Line:47  - 中间件服务会话创建，连接过来的银行客户端IP和端口为:192.168.1.124:53232
2018-10-29 16:26:52.539 INFO  --- [NioProcessor-2] org.apache.mina.filter.logging.LoggingFilter
				Line:186 - OPENED
2018-10-29 16:26:52.539 INFO  --- [NioProcessor-2] com.zkpt.middleware.handler.BankServerHandler
				Line:72  - 中间件服务器会话打开，连接过来的银行客户端IP和端口为:192.168.1.124:53232
2018-10-29 16:26:52.547 INFO  --- [NioProcessor-2] org.apache.mina.filter.logging.LoggingFilter
				Line:157 - RECEIVED: HeapBuffer[pos=0 lim=61 cap=2048: 30 31 30 30 30 38 20 20 20 20 20 20 30 31 36 33 39 37 38 35 31 20 20 20 20 20 20 20 30 30 32 36 7C 38 31 31 7C 31 30 30 31 30 30 31 37 30 30 31 32 7C 30 30 30 30 30 30 7C 31 7C 0D 0A...]
2018-10-29 16:26:52.553 INFO  --- [NioProcessor-2] com.zkpt.middleware.handler.BankServerHandler
				Line:82  - 中间件服务器收到/192.168.1.124:53232数据包:
----------start 银行协议数据包----------
客户端(192.168.1.124:53232...20181029162652)
(String)数据格式:010008      016397851       0026|811|100100170012|000000|1|
请求命令:COST_ARREARAGE(811|查询欠费明细)
mina会话Key:1
交易包头内容:
	1) 包头:01
	2) 缴费点代码:0008
	3) 缴费点密码:     
	4) 备用: 
	5) 交易方式:01
	6) 交易流水号:6397851       
	7) 包体长度字节数:0026
	8) 包头结束符:|
交易包内容:811|100100170012|000000|1|
----------end 银行协议数据包----------

2018-10-29 16:26:52.640 INFO  --- [NioProcessor-14] org.apache.mina.filter.logging.LoggingFilter
				Line:186 - CREATED
2018-10-29 16:26:52.640 INFO  --- [NioProcessor-14] com.zkpt.middleware.handler.GasClientHandler
				Line:37  - 中间件服务器创建天然气客户端，IP和端口为: /192.168.1.124:10002
2018-10-29 16:26:52.640 INFO  --- [NioProcessor-14] org.apache.mina.filter.logging.LoggingFilter
				Line:186 - OPENED
2018-10-29 16:26:52.641 INFO  --- [NioProcessor-14] com.zkpt.middleware.handler.GasClientHandler
				Line:44  - 中间件服务器创建天然气客户端会话打开，IP和端口为: /192.168.1.124:10002
2018-10-29 16:26:52.651 INFO  --- [NioProcessor-14] org.apache.mina.filter.logging.LoggingFilter
				Line:157 - SENT: ----------start 天然气协议数据包----------
(String)数据格式:010100800000000010006397851201810291626520000000130100100170012|
请求命令:YHQFQK_COMM(0101|用户气费欠款)
交易包头内容:
	1) 请求标识，命令字:0101
	2) 银行编号:008
	3) 银行设备编号:0000000001
	4) 银行业务流水号:0006397851
	5) 请求方或者响应方本地时间戳:20181029162652
	6) 响应字响应方回馈:0000
	7) 包体长度字节数:00013
	8) 是否有下一包:0
交易包内容:100100170012|
----------end 天然气协议数据包----------

2018-10-29 16:26:52.651 INFO  --- [NioProcessor-14] com.zkpt.middleware.handler.GasClientHandler
				Line:65  - 中间件服务器创建天然气客户端发送消息:
----------start 天然气协议数据包----------
(String)数据格式:010100800000000010006397851201810291626520000000130100100170012|
请求命令:YHQFQK_COMM(0101|用户气费欠款)
交易包头内容:
	1) 请求标识，命令字:0101
	2) 银行编号:008
	3) 银行设备编号:0000000001
	4) 银行业务流水号:0006397851
	5) 请求方或者响应方本地时间戳:20181029162652
	6) 响应字响应方回馈:0000
	7) 包体长度字节数:00013
	8) 是否有下一包:0
交易包内容:100100170012|
----------end 天然气协议数据包----------

2018-10-29 16:27:02.652 INFO  --- [NioProcessor-14] org.apache.mina.filter.logging.LoggingFilter
				Line:186 - IDLE
2018-10-29 16:27:02.654 INFO  --- [NioProcessor-14] com.zkpt.middleware.handler.GasClientHandler
				Line:80  - -客户端与服务端连接[空闲] - both idle
2018-10-29 16:27:02.659 INFO  --- [NioProcessor-2] org.apache.mina.filter.logging.LoggingFilter
				Line:186 - IDLE
2018-10-29 16:27:06.823 INFO  --- [NioProcessor-14] org.apache.mina.filter.logging.LoggingFilter
				Line:157 - RECEIVED: HeapBuffer[pos=0 lim=246 cap=1024: 30 31 30 31 30 30 39 30 30 30 30 30 30 30 30 30 31 30 30 30 36 34 30 32 35 30 37 32 30 31 38 31 30 32 39 31 36 30 38 30 35 30 30 30 30 30 30 31 39 35 30 38 2E 35 36 7C 32 7C 31 30 30 31 30 30 31 37 30 30 31 32 7C B2 E2 CA D4 31 34 7C 32 30 31 38 30 38 7C 30 7C 31 7C 31 7C 32 2E 31 34 7C 32 2E 31 34 7C 30 7C 32 2E 31 34 7C 31 7C 32 2E 31 34 7C 46 46 46 46 46 7C 46 46 46 46 46 7C 46 46 46 46 46 7C 46 46 46 46 46 7C 46 46 46 46 46 7C 46 46 46 46 46 7C 24 31 30 30 31 30 30 31 37 30 30 31 32 7C B2 E2 CA D4 31 34 7C 32 30 31 38 31 30 7C 31 7C 34 7C 33 7C 36 2E 34 32 7C 36 2E 34 32 7C 30 7C 36 2E 34 32 7C 33 7C 32 2E 31 34 7C 46 46 46 46 46 7C 46 46 46 46 46 7C 46 46 46 46 46 7C 46 46 46 46 46 7C 46 46 46 46 46 7C 46 46 46 46 46 7C 24...]
2018-10-29 16:27:06.826 INFO  --- [NioProcessor-14] com.zkpt.middleware.handler.GasClientHandler
				Line:52  - 中间件服务器创建天然气客户端收到的消息:
----------start 天然气协议数据包----------
(String)数据格式:0101009000000000100064025072018102916080500000019508.56|2|100100170012|测试14|201808|0|1|1|2.14|2.14|0|2.14|1|2.14|FFFFF|FFFFF|FFFFF|FFFFF|FFFFF|FFFFF|$100100170012|测试14|201810|1|4|3|6.42|6.42|0|6.42|3|2.14|FFFFF|FFFFF|FFFFF|FFFFF|FFFFF|FFFFF|$
请求命令:YHQFQK_COMM(0101|用户气费欠款)
交易包头内容:
	1) 请求标识，命令字:0101
	2) 银行编号:009
	3) 银行设备编号:0000000001
	4) 银行业务流水号:0006402507
	5) 请求方或者响应方本地时间戳:20181029160805
	6) 响应字响应方回馈:0000
	7) 包体长度字节数:00195
	8) 是否有下一包:0
交易包内容:8.56|2|100100170012|测试14|201808|0|1|1|2.14|2.14|0|2.14|1|2.14|FFFFF|FFFFF|FFFFF|FFFFF|FFFFF|FFFFF|$100100170012|测试14|201810|1|4|3|6.42|6.42|0|6.42|3|2.14|FFFFF|FFFFF|FFFFF|FFFFF|FFFFF|FFFFF|$
----------end 天然气协议数据包----------

2018-10-29 16:27:12.660 INFO  --- [NioProcessor-2] org.apache.mina.filter.logging.LoggingFilter
				Line:186 - IDLE
2018-10-29 16:27:22.662 INFO  --- [NioProcessor-2] org.apache.mina.filter.logging.LoggingFilter
				Line:186 - IDLE
2018-10-29 16:27:32.664 INFO  --- [NioProcessor-2] org.apache.mina.filter.logging.LoggingFilter
				Line:186 - IDLE
2018-10-29 16:27:42.670 INFO  --- [NioProcessor-2] org.apache.mina.filter.logging.LoggingFilter
				Line:186 - IDLE
2018-10-29 16:27:52.671 INFO  --- [NioProcessor-2] org.apache.mina.filter.logging.LoggingFilter
				Line:186 - IDLE
2018-10-29 16:27:57.980 INFO  --- [NioProcessor-2] org.apache.mina.filter.logging.LoggingFilter
				Line:157 - SENT: ----------start 银行协议数据包----------
客户端(null:0...20181029162757)
(String)数据格式:010008      016397851       0102|811|000|8.56|100100170012|测试14||0||0||||1.0|8.56|||0.0||201808|0|0.0|0.0|||8.56|2||0|1|1.0|0.0|2.14|0|
请求命令:COST_ARREARAGE(811|查询欠费明细)
mina会话Key:1
交易包头内容:
	1) 包头:01
	2) 缴费点代码:0008
	3) 缴费点密码:     
	4) 备用: 
	5) 交易方式:01
	6) 交易流水号:6397851       
	7) 包体长度字节数:0102
	8) 包头结束符:|
交易包内容:811|000|8.56|100100170012|测试14||0||0||||1.0|8.56|||0.0||201808|0|0.0|0.0|||8.56|2||0|1|1.0|0.0|2.14|0|
----------end 银行协议数据包----------

2018-10-29 16:27:57.982 INFO  --- [NioProcessor-2] com.zkpt.middleware.handler.BankServerHandler
				Line:93  - 中间件服务器给/192.168.1.124:53232发送数据包:
----------start 银行协议数据包----------
客户端(null:0...20181029162757)
(String)数据格式:010008      016397851       0102|811|000|8.56|100100170012|测试14||0||0||||1.0|8.56|||0.0||201808|0|0.0|0.0|||8.56|2||0|1|1.0|0.0|2.14|0|
请求命令:COST_ARREARAGE(811|查询欠费明细)
mina会话Key:1
交易包头内容:
	1) 包头:01
	2) 缴费点代码:0008
	3) 缴费点密码:     
	4) 备用: 
	5) 交易方式:01
	6) 交易流水号:6397851       
	7) 包体长度字节数:0102
	8) 包头结束符:|
交易包内容:811|000|8.56|100100170012|测试14||0||0||||1.0|8.56|||0.0||201808|0|0.0|0.0|||8.56|2||0|1|1.0|0.0|2.14|0|
----------end 银行协议数据包----------

2018-10-29 16:27:57.984 INFO  --- [NioProcessor-2] org.apache.mina.filter.logging.LoggingFilter
				Line:186 - CLOSED
2018-10-29 16:27:57.985 INFO  --- [NioProcessor-2] com.zkpt.middleware.handler.BankServerHandler
				Line:109 - 客户端离开：192.168.1.124：53232
2018-10-29 16:27:57.990 INFO  --- [NioProcessor-14] org.apache.mina.filter.logging.LoggingFilter
				Line:186 - IDLE
2018-10-29 16:27:57.991 INFO  --- [NioProcessor-14] com.zkpt.middleware.handler.GasClientHandler
				Line:80  - -客户端与服务端连接[空闲] - both idle
2018-10-29 16:27:57.993 INFO  --- [NioProcessor-14] org.apache.mina.filter.logging.LoggingFilter
				Line:186 - IDLE
2018-10-29 16:27:57.993 INFO  --- [NioProcessor-14] com.zkpt.middleware.handler.GasClientHandler
				Line:80  - -客户端与服务端连接[空闲] - reader idle
2018-10-29 16:27:57.994 INFO  --- [NioProcessor-14] org.apache.mina.filter.logging.LoggingFilter
				Line:186 - IDLE
2018-10-29 16:27:57.997 INFO  --- [NioProcessor-14] com.zkpt.middleware.handler.GasClientHandler
				Line:80  - -客户端与服务端连接[空闲] - writer idle
2018-10-29 16:27:57.998 INFO  --- [NioProcessor-14] org.apache.mina.filter.logging.LoggingFilter
				Line:186 - CLOSED
2018-10-29 16:27:57.998 INFO  --- [NioProcessor-14] com.zkpt.middleware.handler.GasClientHandler
				Line:74  - /192.168.1.124:10002连接到天然气服务器关闭......
2018-10-29 16:27:57.986 INFO  --- [NioProcessor-2] com.zkpt.middleware.handler.BankServerHandler
				Line:114 - 连接到中间件服务器客户端离开：192.168.1.124：53232 ......
2018-10-29 16:28:15.266 INFO  --- [NioProcessor-5] org.apache.mina.filter.logging.LoggingFilter
				Line:186 - CREATED
2018-10-29 16:28:15.267 INFO  --- [NioProcessor-5] com.zkpt.middleware.handler.BankServerHandler
				Line:47  - 中间件服务会话创建，连接过来的银行客户端IP和端口为:192.168.1.124:53267
2018-10-29 16:28:15.267 INFO  --- [NioProcessor-5] org.apache.mina.filter.logging.LoggingFilter
				Line:186 - OPENED
2018-10-29 16:28:15.268 INFO  --- [NioProcessor-5] com.zkpt.middleware.handler.BankServerHandler
				Line:72  - 中间件服务器会话打开，连接过来的银行客户端IP和端口为:192.168.1.124:53267
2018-10-29 16:28:15.270 INFO  --- [NioProcessor-5] org.apache.mina.filter.logging.LoggingFilter
				Line:157 - RECEIVED: HeapBuffer[pos=0 lim=61 cap=2048: 30 31 30 30 30 38 20 20 20 20 20 20 30 31 36 33 39 37 38 35 31 20 20 20 20 20 20 20 30 30 32 36 7C 38 31 31 7C 31 30 30 31 30 30 31 37 30 30 31 32 7C 30 30 30 30 30 30 7C 31 7C 0D 0A...]
2018-10-29 16:28:15.270 INFO  --- [NioProcessor-5] com.zkpt.middleware.handler.BankServerHandler
				Line:82  - 中间件服务器收到/192.168.1.124:53267数据包:
----------start 银行协议数据包----------
客户端(192.168.1.124:53267...20181029162815)
(String)数据格式:010008      016397851       0026|811|100100170012|000000|1|
请求命令:COST_ARREARAGE(811|查询欠费明细)
mina会话Key:4
交易包头内容:
	1) 包头:01
	2) 缴费点代码:0008
	3) 缴费点密码:     
	4) 备用: 
	5) 交易方式:01
	6) 交易流水号:6397851       
	7) 包体长度字节数:0026
	8) 包头结束符:|
交易包内容:811|100100170012|000000|1|
----------end 银行协议数据包----------

2018-10-29 16:28:15.287 INFO  --- [NioProcessor-22] org.apache.mina.filter.logging.LoggingFilter
				Line:186 - CREATED
2018-10-29 16:28:15.288 INFO  --- [NioProcessor-22] com.zkpt.middleware.handler.GasClientHandler
				Line:37  - 中间件服务器创建天然气客户端，IP和端口为: /192.168.1.124:10002
2018-10-29 16:28:15.288 INFO  --- [NioProcessor-22] org.apache.mina.filter.logging.LoggingFilter
				Line:186 - OPENED
2018-10-29 16:28:15.288 INFO  --- [NioProcessor-22] com.zkpt.middleware.handler.GasClientHandler
				Line:44  - 中间件服务器创建天然气客户端会话打开，IP和端口为: /192.168.1.124:10002
2018-10-29 16:28:15.289 INFO  --- [NioProcessor-22] org.apache.mina.filter.logging.LoggingFilter
				Line:157 - SENT: ----------start 天然气协议数据包----------
(String)数据格式:010100800000000010006397851201810291628150000000130100100170012|
请求命令:YHQFQK_COMM(0101|用户气费欠款)
交易包头内容:
	1) 请求标识，命令字:0101
	2) 银行编号:008
	3) 银行设备编号:0000000001
	4) 银行业务流水号:0006397851
	5) 请求方或者响应方本地时间戳:20181029162815
	6) 响应字响应方回馈:0000
	7) 包体长度字节数:00013
	8) 是否有下一包:0
交易包内容:100100170012|
----------end 天然气协议数据包----------

2018-10-29 16:28:15.290 INFO  --- [NioProcessor-22] com.zkpt.middleware.handler.GasClientHandler
				Line:65  - 中间件服务器创建天然气客户端发送消息:
----------start 天然气协议数据包----------
(String)数据格式:010100800000000010006397851201810291628150000000130100100170012|
请求命令:YHQFQK_COMM(0101|用户气费欠款)
交易包头内容:
	1) 请求标识，命令字:0101
	2) 银行编号:008
	3) 银行设备编号:0000000001
	4) 银行业务流水号:0006397851
	5) 请求方或者响应方本地时间戳:20181029162815
	6) 响应字响应方回馈:0000
	7) 包体长度字节数:00013
	8) 是否有下一包:0
交易包内容:100100170012|
----------end 天然气协议数据包----------

2018-10-29 16:28:23.958 INFO  --- [NioProcessor-22] org.apache.mina.filter.logging.LoggingFilter
				Line:157 - RECEIVED: HeapBuffer[pos=0 lim=246 cap=1024: 30 31 30 31 30 30 39 30 30 30 30 30 30 30 30 30 31 30 30 30 36 34 30 32 35 30 37 32 30 31 38 31 30 32 39 31 36 30 38 30 35 30 30 30 30 30 30 31 39 35 30 38 2E 35 36 7C 32 7C 31 30 30 31 30 30 31 37 30 30 31 32 7C B2 E2 CA D4 31 34 7C 32 30 31 38 30 38 7C 30 7C 31 7C 31 7C 32 2E 31 34 7C 32 2E 31 34 7C 30 7C 32 2E 31 34 7C 31 7C 32 2E 31 34 7C 46 46 46 46 46 7C 46 46 46 46 46 7C 46 46 46 46 46 7C 46 46 46 46 46 7C 46 46 46 46 46 7C 46 46 46 46 46 7C 24 31 30 30 31 30 30 31 37 30 30 31 32 7C B2 E2 CA D4 31 34 7C 32 30 31 38 31 30 7C 31 7C 34 7C 33 7C 36 2E 34 32 7C 36 2E 34 32 7C 30 7C 36 2E 34 32 7C 33 7C 32 2E 31 34 7C 46 46 46 46 46 7C 46 46 46 46 46 7C 46 46 46 46 46 7C 46 46 46 46 46 7C 46 46 46 46 46 7C 46 46 46 46 46 7C 24...]
2018-10-29 16:28:23.960 INFO  --- [NioProcessor-22] com.zkpt.middleware.handler.GasClientHandler
				Line:52  - 中间件服务器创建天然气客户端收到的消息:
----------start 天然气协议数据包----------
(String)数据格式:0101009000000000100064025072018102916080500000019508.56|2|100100170012|测试14|201808|0|1|1|2.14|2.14|0|2.14|1|2.14|FFFFF|FFFFF|FFFFF|FFFFF|FFFFF|FFFFF|$100100170012|测试14|201810|1|4|3|6.42|6.42|0|6.42|3|2.14|FFFFF|FFFFF|FFFFF|FFFFF|FFFFF|FFFFF|$
请求命令:YHQFQK_COMM(0101|用户气费欠款)
交易包头内容:
	1) 请求标识，命令字:0101
	2) 银行编号:009
	3) 银行设备编号:0000000001
	4) 银行业务流水号:0006402507
	5) 请求方或者响应方本地时间戳:20181029160805
	6) 响应字响应方回馈:0000
	7) 包体长度字节数:00195
	8) 是否有下一包:0
交易包内容:8.56|2|100100170012|测试14|201808|0|1|1|2.14|2.14|0|2.14|1|2.14|FFFFF|FFFFF|FFFFF|FFFFF|FFFFF|FFFFF|$100100170012|测试14|201810|1|4|3|6.42|6.42|0|6.42|3|2.14|FFFFF|FFFFF|FFFFF|FFFFF|FFFFF|FFFFF|$
----------end 天然气协议数据包----------

2018-10-29 16:28:25.293 INFO  --- [NioProcessor-5] org.apache.mina.filter.logging.LoggingFilter
				Line:186 - IDLE
2018-10-29 16:28:35.295 INFO  --- [NioProcessor-5] org.apache.mina.filter.logging.LoggingFilter
				Line:186 - IDLE
2018-10-29 16:28:45.296 INFO  --- [NioProcessor-5] org.apache.mina.filter.logging.LoggingFilter
				Line:186 - IDLE
2018-10-29 16:28:55.297 INFO  --- [NioProcessor-5] org.apache.mina.filter.logging.LoggingFilter
				Line:186 - IDLE
2018-10-29 16:29:05.298 INFO  --- [NioProcessor-5] org.apache.mina.filter.logging.LoggingFilter
				Line:186 - IDLE
2018-10-29 16:29:15.299 INFO  --- [NioProcessor-5] org.apache.mina.filter.logging.LoggingFilter
				Line:186 - IDLE
2018-10-29 16:29:25.301 INFO  --- [NioProcessor-5] org.apache.mina.filter.logging.LoggingFilter
				Line:186 - IDLE
2018-10-29 16:29:35.301 INFO  --- [NioProcessor-5] org.apache.mina.filter.logging.LoggingFilter
				Line:186 - IDLE
2018-10-29 16:29:45.303 INFO  --- [NioProcessor-5] org.apache.mina.filter.logging.LoggingFilter
				Line:186 - IDLE
2018-10-29 16:29:54.739 INFO  --- [NioProcessor-5] org.apache.mina.filter.logging.LoggingFilter
				Line:157 - SENT: ----------start 银行协议数据包----------
客户端(null:0...20181029162954)
(String)数据格式:010008      016397851       0102|811|000|8.56|100100170012|测试14||0||0||||1.0|8.56|||0.0||201808|0|0.0|0.0|||8.56|2||0|1|1.0|0.0|2.14|0|
请求命令:COST_ARREARAGE(811|查询欠费明细)
mina会话Key:4
交易包头内容:
	1) 包头:01
	2) 缴费点代码:0008
	3) 缴费点密码:     
	4) 备用: 
	5) 交易方式:01
	6) 交易流水号:6397851       
	7) 包体长度字节数:0102
	8) 包头结束符:|
交易包内容:811|000|8.56|100100170012|测试14||0||0||||1.0|8.56|||0.0||201808|0|0.0|0.0|||8.56|2||0|1|1.0|0.0|2.14|0|
----------end 银行协议数据包----------

2018-10-29 16:29:54.740 INFO  --- [NioProcessor-5] com.zkpt.middleware.handler.BankServerHandler
				Line:93  - 中间件服务器给/192.168.1.124:53267发送数据包:
----------start 银行协议数据包----------
客户端(null:0...20181029162954)
(String)数据格式:010008      016397851       0102|811|000|8.56|100100170012|测试14||0||0||||1.0|8.56|||0.0||201808|0|0.0|0.0|||8.56|2||0|1|1.0|0.0|2.14|0|
请求命令:COST_ARREARAGE(811|查询欠费明细)
mina会话Key:4
交易包头内容:
	1) 包头:01
	2) 缴费点代码:0008
	3) 缴费点密码:     
	4) 备用: 
	5) 交易方式:01
	6) 交易流水号:6397851       
	7) 包体长度字节数:0102
	8) 包头结束符:|
交易包内容:811|000|8.56|100100170012|测试14||0||0||||1.0|8.56|||0.0||201808|0|0.0|0.0|||8.56|2||0|1|1.0|0.0|2.14|0|
----------end 银行协议数据包----------

2018-10-29 16:29:54.741 INFO  --- [NioProcessor-5] org.apache.mina.filter.logging.LoggingFilter
				Line:186 - CLOSED
2018-10-29 16:29:54.742 INFO  --- [NioProcessor-5] com.zkpt.middleware.handler.BankServerHandler
				Line:109 - 客户端离开：192.168.1.124：53267
2018-10-29 16:29:54.743 INFO  --- [NioProcessor-5] com.zkpt.middleware.handler.BankServerHandler
				Line:114 - 连接到中间件服务器客户端离开：192.168.1.124：53267 ......
2018-10-29 16:29:54.749 INFO  --- [NioProcessor-22] org.apache.mina.filter.logging.LoggingFilter
				Line:186 - IDLE
2018-10-29 16:29:54.750 INFO  --- [NioProcessor-22] com.zkpt.middleware.handler.GasClientHandler
				Line:80  - -客户端与服务端连接[空闲] - both idle
2018-10-29 16:29:54.751 INFO  --- [NioProcessor-22] org.apache.mina.filter.logging.LoggingFilter
				Line:186 - IDLE
2018-10-29 16:29:54.751 INFO  --- [NioProcessor-22] com.zkpt.middleware.handler.GasClientHandler
				Line:80  - -客户端与服务端连接[空闲] - reader idle
2018-10-29 16:29:54.751 INFO  --- [NioProcessor-22] org.apache.mina.filter.logging.LoggingFilter
				Line:186 - IDLE
2018-10-29 16:29:54.752 INFO  --- [NioProcessor-22] com.zkpt.middleware.handler.GasClientHandler
				Line:80  - -客户端与服务端连接[空闲] - writer idle
2018-10-29 16:29:54.752 INFO  --- [NioProcessor-22] org.apache.mina.filter.logging.LoggingFilter
				Line:186 - CLOSED
2018-10-29 16:29:54.753 INFO  --- [NioProcessor-22] com.zkpt.middleware.handler.GasClientHandler
				Line:74  - /192.168.1.124:10002连接到天然气服务器关闭......
2018-10-29 16:30:10.028 INFO  --- [restartedMain] com.zkpt.ZkptApplication
				Line:50  - Starting ZkptApplication on zhaoqi-PC with PID 11088 (C:\Users\zhaoqi\eclipse-workspace\Zkpt\target\classes started by zhaoqi in C:\Users\zhaoqi\eclipse-workspace\Zkpt)
2018-10-29 16:30:10.035 INFO  --- [restartedMain] com.zkpt.ZkptApplication
				Line:671 - No active profile set, falling back to default profiles: default
2018-10-29 16:30:12.063 INFO  --- [restartedMain] org.apache.coyote.http11.Http11NioProtocol
				Line:173 - Initializing ProtocolHandler ["http-nio-8081"]
2018-10-29 16:30:12.070 INFO  --- [restartedMain] org.apache.catalina.core.StandardService
				Line:173 - Starting service [Tomcat]
2018-10-29 16:30:12.071 INFO  --- [restartedMain] org.apache.catalina.core.StandardEngine
				Line:173 - Starting Servlet Engine: Apache Tomcat/9.0.12
2018-10-29 16:30:12.084 INFO  --- [restartedMain] org.apache.catalina.core.AprLifecycleListener
				Line:173 - The APR based Apache Tomcat Native library which allows optimal performance in production environments was not found on the java.library.path: [C:\Program Files\Java\jdk1.8.0_131\bin;C:\Windows\Sun\Java\bin;C:\Windows\system32;C:\Windows;C:\Program Files\Java\jdk1.8.0_131\jre\bin;C:/Program Files/Java/jdk1.8.0_131/bin/../jre/bin/server;C:/Program Files/Java/jdk1.8.0_131/bin/../jre/bin;C:/Program Files/Java/jdk1.8.0_131/bin/../jre/lib/amd64;C:\Program Files\RabbitMQServer\rabbitmq_server-3.7.8\sbin;C:\Program Files\erl10.1\bin;C:\ProgramData\Anaconda3;C:\ProgramData\Anaconda3\Library\mingw-w64\bin;C:\ProgramData\Anaconda3\Library\usr\bin;C:\ProgramData\Anaconda3\Library\bin;C:\ProgramData\Anaconda3\Scripts;C:\Program Files\Java\jdk1.8.0_131\bin;C:\Windows\system32;C:\Windows;C:\Windows\System32\Wbem;C:\Windows\System32\WindowsPowerShell\v1.0\;C:\Program Files\TortoiseSVN\bin;C:\Program Files (x86)\IDM Computer Solutions\UltraEdit;C:\Program Files\IDM Computer Solutions\UltraCompare;C:\Program Files\Git\cmd;C:\Program Files\MySQL\MySQL Utilities 1.6\;C:\Program Files\Microsoft VS Code\bin;C:\Program Files\eclipse-jee-oxygen;;.]
2018-10-29 16:30:12.211 INFO  --- [restartedMain] org.apache.catalina.core.ContainerBase.[Tomcat].[localhost].[/zkpt]
				Line:173 - Initializing Spring embedded WebApplicationContext
2018-10-29 16:30:12.767 INFO  --- [restartedMain] com.zkpt.DruidConfiguration
				Line:50  - 初始化数据源!
2018-10-29 16:30:14.020 INFO  --- [restartedMain] com.alibaba.druid.pool.DruidDataSource
				Line:930 - {dataSource-1} inited
2018-10-29 16:30:14.080 INFO  --- [restartedMain] org.quartz.impl.StdSchedulerFactory
				Line:1208 - Using default implementation for ThreadExecutor
2018-10-29 16:30:14.097 INFO  --- [restartedMain] org.quartz.core.SchedulerSignalerImpl
				Line:61  - Initialized Scheduler Signaller of type: class org.quartz.core.SchedulerSignalerImpl
2018-10-29 16:30:14.098 INFO  --- [restartedMain] org.quartz.core.QuartzScheduler
				Line:229 - Quartz Scheduler v.2.3.0 created.
2018-10-29 16:30:14.104 INFO  --- [restartedMain] org.quartz.simpl.RAMJobStore
				Line:155 - RAMJobStore initialized.
2018-10-29 16:30:14.105 INFO  --- [restartedMain] org.quartz.core.QuartzScheduler
				Line:294 - Scheduler meta-data: Quartz Scheduler (v2.3.0) 'quartzScheduler' with instanceId 'NON_CLUSTERED'
  Scheduler class: 'org.quartz.core.QuartzScheduler' - running locally.
  NOT STARTED.
  Currently in standby mode.
  Number of jobs executed: 0
  Using thread pool 'org.quartz.simpl.SimpleThreadPool' - with 10 threads.
  Using job-store 'org.quartz.simpl.RAMJobStore' - which does not support persistence. and is not clustered.

2018-10-29 16:30:14.106 INFO  --- [restartedMain] org.quartz.impl.StdSchedulerFactory
				Line:1362 - Quartz scheduler 'quartzScheduler' initialized from an externally provided properties instance.
2018-10-29 16:30:14.106 INFO  --- [restartedMain] org.quartz.impl.StdSchedulerFactory
				Line:1366 - Quartz scheduler version: 2.3.0
2018-10-29 16:30:14.107 INFO  --- [restartedMain] org.quartz.core.QuartzScheduler
				Line:2287 - JobFactory set to: org.springframework.scheduling.quartz.SpringBeanJobFactory@2d5239fa
2018-10-29 16:30:14.350 INFO  --- [restartedMain] org.quartz.core.QuartzScheduler
				Line:547 - Scheduler quartzScheduler_$_NON_CLUSTERED started.
2018-10-29 16:30:14.359 INFO  --- [restartedMain] org.apache.coyote.http11.Http11NioProtocol
				Line:173 - Starting ProtocolHandler ["http-nio-8081"]
2018-10-29 16:30:14.371 INFO  --- [restartedMain] org.apache.tomcat.util.net.NioSelectorPool
				Line:173 - Using a shared selector for servlet write/read
2018-10-29 16:30:14.401 INFO  --- [restartedMain] com.zkpt.ZkptApplication
				Line:59  - Started ZkptApplication in 4.974 seconds (JVM running for 5.634)
2018-10-29 16:30:14.462 INFO  --- [restartedMain] com.zkpt.middleware.service.impl.MwFactoryServiceImpl
				Line:96  - server : 192.168.1.124:60001开始监听!
2018-10-29 16:30:20.653 INFO  --- [http-nio-8081-exec-2] org.apache.catalina.core.ContainerBase.[Tomcat].[localhost].[/zkpt]
				Line:173 - Initializing Spring DispatcherServlet 'dispatcherServlet'
2018-10-29 16:30:20.723 INFO  --- [NioProcessor-2] org.apache.mina.filter.logging.LoggingFilter
				Line:186 - CREATED
2018-10-29 16:30:20.724 INFO  --- [NioProcessor-2] com.zkpt.middleware.handler.BankServerHandler
				Line:47  - 中间件服务会话创建，连接过来的银行客户端IP和端口为:192.168.1.124:53336
2018-10-29 16:30:20.725 INFO  --- [NioProcessor-2] org.apache.mina.filter.logging.LoggingFilter
				Line:186 - OPENED
2018-10-29 16:30:20.725 INFO  --- [NioProcessor-2] com.zkpt.middleware.handler.BankServerHandler
				Line:72  - 中间件服务器会话打开，连接过来的银行客户端IP和端口为:192.168.1.124:53336
2018-10-29 16:30:20.728 INFO  --- [NioProcessor-2] org.apache.mina.filter.logging.LoggingFilter
				Line:157 - RECEIVED: HeapBuffer[pos=0 lim=61 cap=2048: 30 31 30 30 30 38 20 20 20 20 20 20 30 31 36 33 39 37 38 35 31 20 20 20 20 20 20 20 30 30 32 36 7C 38 31 31 7C 31 30 30 31 30 30 31 37 30 30 31 32 7C 30 30 30 30 30 30 7C 31 7C 0D 0A...]
2018-10-29 16:30:20.732 INFO  --- [NioProcessor-2] com.zkpt.middleware.handler.BankServerHandler
				Line:82  - 中间件服务器收到/192.168.1.124:53336数据包:
----------start 银行协议数据包----------
客户端(192.168.1.124:53336...20181029163020)
(String)数据格式:010008      016397851       0026|811|100100170012|000000|1|
请求命令:COST_ARREARAGE(811|查询欠费明细)
mina会话Key:1
交易包头内容:
	1) 包头:01
	2) 缴费点代码:0008
	3) 缴费点密码:     
	4) 备用: 
	5) 交易方式:01
	6) 交易流水号:6397851       
	7) 包体长度字节数:0026
	8) 包头结束符:|
交易包内容:811|100100170012|000000|1|
----------end 银行协议数据包----------

2018-10-29 16:30:20.786 INFO  --- [NioProcessor-14] org.apache.mina.filter.logging.LoggingFilter
				Line:186 - CREATED
2018-10-29 16:30:20.786 INFO  --- [NioProcessor-14] com.zkpt.middleware.handler.GasClientHandler
				Line:37  - 中间件服务器创建天然气客户端，IP和端口为: /192.168.1.124:10002
2018-10-29 16:30:20.787 INFO  --- [NioProcessor-14] org.apache.mina.filter.logging.LoggingFilter
				Line:186 - OPENED
2018-10-29 16:30:20.787 INFO  --- [NioProcessor-14] com.zkpt.middleware.handler.GasClientHandler
				Line:44  - 中间件服务器创建天然气客户端会话打开，IP和端口为: /192.168.1.124:10002
2018-10-29 16:30:20.789 INFO  --- [NioProcessor-14] org.apache.mina.filter.logging.LoggingFilter
				Line:157 - SENT: ----------start 天然气协议数据包----------
(String)数据格式:010100800000000010006397851201810291630200000000130100100170012|
请求命令:YHQFQK_COMM(0101|用户气费欠款)
交易包头内容:
	1) 请求标识，命令字:0101
	2) 银行编号:008
	3) 银行设备编号:0000000001
	4) 银行业务流水号:0006397851
	5) 请求方或者响应方本地时间戳:20181029163020
	6) 响应字响应方回馈:0000
	7) 包体长度字节数:00013
	8) 是否有下一包:0
交易包内容:100100170012|
----------end 天然气协议数据包----------

2018-10-29 16:30:20.789 INFO  --- [NioProcessor-14] com.zkpt.middleware.handler.GasClientHandler
				Line:65  - 中间件服务器创建天然气客户端发送消息:
----------start 天然气协议数据包----------
(String)数据格式:010100800000000010006397851201810291630200000000130100100170012|
请求命令:YHQFQK_COMM(0101|用户气费欠款)
交易包头内容:
	1) 请求标识，命令字:0101
	2) 银行编号:008
	3) 银行设备编号:0000000001
	4) 银行业务流水号:0006397851
	5) 请求方或者响应方本地时间戳:20181029163020
	6) 响应字响应方回馈:0000
	7) 包体长度字节数:00013
	8) 是否有下一包:0
交易包内容:100100170012|
----------end 天然气协议数据包----------

2018-10-29 16:30:25.825 INFO  --- [NioProcessor-14] org.apache.mina.filter.logging.LoggingFilter
				Line:157 - RECEIVED: HeapBuffer[pos=0 lim=246 cap=1024: 30 31 30 31 30 30 39 30 30 30 30 30 30 30 30 30 31 30 30 30 36 34 30 32 35 30 37 32 30 31 38 31 30 32 39 31 36 30 38 30 35 30 30 30 30 30 30 31 39 35 30 38 2E 35 36 7C 32 7C 31 30 30 31 30 30 31 37 30 30 31 32 7C B2 E2 CA D4 31 34 7C 32 30 31 38 30 38 7C 30 7C 31 7C 31 7C 32 2E 31 34 7C 32 2E 31 34 7C 30 7C 32 2E 31 34 7C 31 7C 32 2E 31 34 7C 46 46 46 46 46 7C 46 46 46 46 46 7C 46 46 46 46 46 7C 46 46 46 46 46 7C 46 46 46 46 46 7C 46 46 46 46 46 7C 24 31 30 30 31 30 30 31 37 30 30 31 32 7C B2 E2 CA D4 31 34 7C 32 30 31 38 31 30 7C 31 7C 34 7C 33 7C 36 2E 34 32 7C 36 2E 34 32 7C 30 7C 36 2E 34 32 7C 33 7C 32 2E 31 34 7C 46 46 46 46 46 7C 46 46 46 46 46 7C 46 46 46 46 46 7C 46 46 46 46 46 7C 46 46 46 46 46 7C 46 46 46 46 46 7C 24...]
2018-10-29 16:30:25.826 INFO  --- [NioProcessor-14] com.zkpt.middleware.handler.GasClientHandler
				Line:52  - 中间件服务器创建天然气客户端收到的消息:
----------start 天然气协议数据包----------
(String)数据格式:0101009000000000100064025072018102916080500000019508.56|2|100100170012|测试14|201808|0|1|1|2.14|2.14|0|2.14|1|2.14|FFFFF|FFFFF|FFFFF|FFFFF|FFFFF|FFFFF|$100100170012|测试14|201810|1|4|3|6.42|6.42|0|6.42|3|2.14|FFFFF|FFFFF|FFFFF|FFFFF|FFFFF|FFFFF|$
请求命令:YHQFQK_COMM(0101|用户气费欠款)
交易包头内容:
	1) 请求标识，命令字:0101
	2) 银行编号:009
	3) 银行设备编号:0000000001
	4) 银行业务流水号:0006402507
	5) 请求方或者响应方本地时间戳:20181029160805
	6) 响应字响应方回馈:0000
	7) 包体长度字节数:00195
	8) 是否有下一包:0
交易包内容:8.56|2|100100170012|测试14|201808|0|1|1|2.14|2.14|0|2.14|1|2.14|FFFFF|FFFFF|FFFFF|FFFFF|FFFFF|FFFFF|$100100170012|测试14|201810|1|4|3|6.42|6.42|0|6.42|3|2.14|FFFFF|FFFFF|FFFFF|FFFFF|FFFFF|FFFFF|$
----------end 天然气协议数据包----------

2018-10-29 16:30:30.793 INFO  --- [NioProcessor-2] org.apache.mina.filter.logging.LoggingFilter
				Line:186 - IDLE
2018-10-29 16:30:40.794 INFO  --- [NioProcessor-2] org.apache.mina.filter.logging.LoggingFilter
				Line:186 - IDLE
2018-10-29 16:30:50.796 INFO  --- [NioProcessor-2] org.apache.mina.filter.logging.LoggingFilter
				Line:186 - IDLE
2018-10-29 16:31:00.799 INFO  --- [NioProcessor-2] org.apache.mina.filter.logging.LoggingFilter
				Line:186 - IDLE
2018-10-29 16:31:10.799 INFO  --- [NioProcessor-2] org.apache.mina.filter.logging.LoggingFilter
				Line:186 - IDLE
2018-10-29 16:31:19.845 INFO  --- [NioProcessor-2] org.apache.mina.filter.logging.LoggingFilter
				Line:157 - SENT: ----------start 银行协议数据包----------
客户端(null:0...20181029163119)
(String)数据格式:010008      016397851       0127|811|000|8.56|100100170012|测试14||0||0||||4.0|8.56|||0.0||201808|201810|0.0|4.0|||8.56|2||0|1|1.0|0.0|2.14|0||1|4|3.0|0.0|6.42|0|
请求命令:COST_ARREARAGE(811|查询欠费明细)
mina会话Key:1
交易包头内容:
	1) 包头:01
	2) 缴费点代码:0008
	3) 缴费点密码:     
	4) 备用: 
	5) 交易方式:01
	6) 交易流水号:6397851       
	7) 包体长度字节数:0127
	8) 包头结束符:|
交易包内容:811|000|8.56|100100170012|测试14||0||0||||4.0|8.56|||0.0||201808|201810|0.0|4.0|||8.56|2||0|1|1.0|0.0|2.14|0||1|4|3.0|0.0|6.42|0|
----------end 银行协议数据包----------

2018-10-29 16:31:19.847 INFO  --- [NioProcessor-2] com.zkpt.middleware.handler.BankServerHandler
				Line:93  - 中间件服务器给/192.168.1.124:53336发送数据包:
----------start 银行协议数据包----------
客户端(null:0...20181029163119)
(String)数据格式:010008      016397851       0127|811|000|8.56|100100170012|测试14||0||0||||4.0|8.56|||0.0||201808|201810|0.0|4.0|||8.56|2||0|1|1.0|0.0|2.14|0||1|4|3.0|0.0|6.42|0|
请求命令:COST_ARREARAGE(811|查询欠费明细)
mina会话Key:1
交易包头内容:
	1) 包头:01
	2) 缴费点代码:0008
	3) 缴费点密码:     
	4) 备用: 
	5) 交易方式:01
	6) 交易流水号:6397851       
	7) 包体长度字节数:0127
	8) 包头结束符:|
交易包内容:811|000|8.56|100100170012|测试14||0||0||||4.0|8.56|||0.0||201808|201810|0.0|4.0|||8.56|2||0|1|1.0|0.0|2.14|0||1|4|3.0|0.0|6.42|0|
----------end 银行协议数据包----------

2018-10-29 16:31:19.851 INFO  --- [NioProcessor-2] org.apache.mina.filter.logging.LoggingFilter
				Line:186 - CLOSED
2018-10-29 16:31:19.852 INFO  --- [NioProcessor-2] com.zkpt.middleware.handler.BankServerHandler
				Line:109 - 客户端离开：192.168.1.124：53336
2018-10-29 16:31:19.853 INFO  --- [NioProcessor-2] com.zkpt.middleware.handler.BankServerHandler
				Line:114 - 连接到中间件服务器客户端离开：192.168.1.124：53336 ......
2018-10-29 16:31:19.861 INFO  --- [NioProcessor-14] org.apache.mina.filter.logging.LoggingFilter
				Line:186 - IDLE
2018-10-29 16:31:19.863 INFO  --- [NioProcessor-14] com.zkpt.middleware.handler.GasClientHandler
				Line:80  - -客户端与服务端连接[空闲] - both idle
2018-10-29 16:31:19.863 INFO  --- [NioProcessor-14] org.apache.mina.filter.logging.LoggingFilter
				Line:186 - IDLE
2018-10-29 16:31:19.864 INFO  --- [NioProcessor-14] com.zkpt.middleware.handler.GasClientHandler
				Line:80  - -客户端与服务端连接[空闲] - reader idle
2018-10-29 16:31:19.865 INFO  --- [NioProcessor-14] org.apache.mina.filter.logging.LoggingFilter
				Line:186 - IDLE
2018-10-29 16:31:19.865 INFO  --- [NioProcessor-14] com.zkpt.middleware.handler.GasClientHandler
				Line:80  - -客户端与服务端连接[空闲] - writer idle
2018-10-29 16:31:19.867 INFO  --- [NioProcessor-14] org.apache.mina.filter.logging.LoggingFilter
				Line:186 - CLOSED
2018-10-29 16:31:19.868 INFO  --- [NioProcessor-14] com.zkpt.middleware.handler.GasClientHandler
				Line:74  - /192.168.1.124:10002连接到天然气服务器关闭......
