2018-11-01 11:40:16.302 ERROR --- [container-1] org.springframework.data.redis.listener.RedisMessageListenerContainer
				Line:656 - SubscriptionTask aborted with exception:
org.springframework.data.redis.connection.PoolException: Could not get a resource from the pool; nested exception is io.lettuce.core.RedisConnectionException: Unable to connect to 192.168.1.124:6379
	at org.springframework.data.redis.connection.lettuce.LettucePoolingConnectionProvider.getConnection(LettucePoolingConnectionProvider.java:86)
	at org.springframework.data.redis.connection.lettuce.LettuceConnectionFactory$SharedConnection.getNativeConnection(LettuceConnectionFactory.java:1085)
	at org.springframework.data.redis.connection.lettuce.LettuceConnectionFactory$SharedConnection.getConnection(LettuceConnectionFactory.java:1065)
	at org.springframework.data.redis.connection.lettuce.LettuceConnectionFactory.getSharedConnection(LettuceConnectionFactory.java:865)
	at org.springframework.data.redis.connection.lettuce.LettuceConnectionFactory.getConnection(LettuceConnectionFactory.java:340)
	at org.springframework.data.redis.listener.RedisMessageListenerContainer$SubscriptionTask.run(RedisMessageListenerContainer.java:738)
	at java.lang.Thread.run(Thread.java:748)
Caused by: io.lettuce.core.RedisConnectionException: Unable to connect to 192.168.1.124:6379
	at io.lettuce.core.RedisConnectionException.create(RedisConnectionException.java:78)
	at io.lettuce.core.RedisConnectionException.create(RedisConnectionException.java:56)
	at io.lettuce.core.AbstractRedisClient.getConnection(AbstractRedisClient.java:234)
	at io.lettuce.core.RedisClient.connect(RedisClient.java:204)
	at org.springframework.data.redis.connection.lettuce.StandaloneConnectionProvider.lambda$getConnection$1(StandaloneConnectionProvider.java:113)
	at java.util.Optional.orElseGet(Optional.java:267)
	at org.springframework.data.redis.connection.lettuce.StandaloneConnectionProvider.getConnection(StandaloneConnectionProvider.java:113)
	at org.springframework.data.redis.connection.lettuce.LettucePoolingConnectionProvider.lambda$null$0(LettucePoolingConnectionProvider.java:74)
	at io.lettuce.core.support.ConnectionPoolSupport$RedisPooledObjectFactory.create(ConnectionPoolSupport.java:209)
	at io.lettuce.core.support.ConnectionPoolSupport$RedisPooledObjectFactory.create(ConnectionPoolSupport.java:199)
	at org.apache.commons.pool2.BasePooledObjectFactory.makeObject(BasePooledObjectFactory.java:58)
	at org.apache.commons.pool2.impl.GenericObjectPool.create(GenericObjectPool.java:883)
	at org.apache.commons.pool2.impl.GenericObjectPool.borrowObject(GenericObjectPool.java:436)
	at org.apache.commons.pool2.impl.GenericObjectPool.borrowObject(GenericObjectPool.java:365)
	at io.lettuce.core.support.ConnectionPoolSupport$1.borrowObject(ConnectionPoolSupport.java:122)
	at io.lettuce.core.support.ConnectionPoolSupport$1.borrowObject(ConnectionPoolSupport.java:117)
	at org.springframework.data.redis.connection.lettuce.LettucePoolingConnectionProvider.getConnection(LettucePoolingConnectionProvider.java:80)
	... 6 common frames omitted
Caused by: io.netty.channel.AbstractChannel$AnnotatedConnectException: Connection refused: no further information: /192.168.1.124:6379
	at sun.nio.ch.SocketChannelImpl.checkConnect(Native Method)
	at sun.nio.ch.SocketChannelImpl.finishConnect(SocketChannelImpl.java:717)
	at io.netty.channel.socket.nio.NioSocketChannel.doFinishConnect(NioSocketChannel.java:327)
	at io.netty.channel.nio.AbstractNioChannel$AbstractNioUnsafe.finishConnect(AbstractNioChannel.java:340)
	at io.netty.channel.nio.NioEventLoop.processSelectedKey(NioEventLoop.java:616)
	at io.netty.channel.nio.NioEventLoop.processSelectedKeysOptimized(NioEventLoop.java:563)
	at io.netty.channel.nio.NioEventLoop.processSelectedKeys(NioEventLoop.java:480)
	at io.netty.channel.nio.NioEventLoop.run(NioEventLoop.java:442)
	at io.netty.util.concurrent.SingleThreadEventExecutor$5.run(SingleThreadEventExecutor.java:884)
	at io.netty.util.concurrent.FastThreadLocalRunnable.run(FastThreadLocalRunnable.java:30)
	... 1 common frames omitted
Caused by: java.net.ConnectException: Connection refused: no further information
	... 11 common frames omitted
2018-11-01 11:40:37.697 ERROR --- [NioProcessor-2] com.zkpt.middleware.service.impl.MwFactoryServiceImpl
				Line:158 - 连接服务端：/192.168.1.124:10002[成功]。时间：2018-11-01 11:40:37
2018-11-01 11:43:43.335 ERROR --- [NioProcessor-2] com.zkpt.middleware.service.impl.MwFactoryServiceImpl
				Line:158 - 连接服务端：/192.168.1.124:10002[成功]。时间：2018-11-01 11:43:43
2018-11-01 12:04:32.663 ERROR --- [container-1] org.springframework.data.redis.listener.RedisMessageListenerContainer
				Line:656 - SubscriptionTask aborted with exception:
org.springframework.data.redis.connection.PoolException: Could not get a resource from the pool; nested exception is io.lettuce.core.RedisConnectionException: Unable to connect to 192.168.1.124:6379
	at org.springframework.data.redis.connection.lettuce.LettucePoolingConnectionProvider.getConnection(LettucePoolingConnectionProvider.java:86)
	at org.springframework.data.redis.connection.lettuce.LettuceConnectionFactory$SharedConnection.getNativeConnection(LettuceConnectionFactory.java:1085)
	at org.springframework.data.redis.connection.lettuce.LettuceConnectionFactory$SharedConnection.getConnection(LettuceConnectionFactory.java:1065)
	at org.springframework.data.redis.connection.lettuce.LettuceConnectionFactory.getSharedConnection(LettuceConnectionFactory.java:865)
	at org.springframework.data.redis.connection.lettuce.LettuceConnectionFactory.getConnection(LettuceConnectionFactory.java:340)
	at org.springframework.data.redis.listener.RedisMessageListenerContainer$SubscriptionTask.run(RedisMessageListenerContainer.java:738)
	at java.lang.Thread.run(Thread.java:748)
Caused by: io.lettuce.core.RedisConnectionException: Unable to connect to 192.168.1.124:6379
	at io.lettuce.core.RedisConnectionException.create(RedisConnectionException.java:78)
	at io.lettuce.core.RedisConnectionException.create(RedisConnectionException.java:56)
	at io.lettuce.core.AbstractRedisClient.getConnection(AbstractRedisClient.java:234)
	at io.lettuce.core.RedisClient.connect(RedisClient.java:204)
	at org.springframework.data.redis.connection.lettuce.StandaloneConnectionProvider.lambda$getConnection$1(StandaloneConnectionProvider.java:113)
	at java.util.Optional.orElseGet(Optional.java:267)
	at org.springframework.data.redis.connection.lettuce.StandaloneConnectionProvider.getConnection(StandaloneConnectionProvider.java:113)
	at org.springframework.data.redis.connection.lettuce.LettucePoolingConnectionProvider.lambda$null$0(LettucePoolingConnectionProvider.java:74)
	at io.lettuce.core.support.ConnectionPoolSupport$RedisPooledObjectFactory.create(ConnectionPoolSupport.java:209)
	at io.lettuce.core.support.ConnectionPoolSupport$RedisPooledObjectFactory.create(ConnectionPoolSupport.java:199)
	at org.apache.commons.pool2.BasePooledObjectFactory.makeObject(BasePooledObjectFactory.java:58)
	at org.apache.commons.pool2.impl.GenericObjectPool.create(GenericObjectPool.java:883)
	at org.apache.commons.pool2.impl.GenericObjectPool.borrowObject(GenericObjectPool.java:436)
	at org.apache.commons.pool2.impl.GenericObjectPool.borrowObject(GenericObjectPool.java:365)
	at io.lettuce.core.support.ConnectionPoolSupport$1.borrowObject(ConnectionPoolSupport.java:122)
	at io.lettuce.core.support.ConnectionPoolSupport$1.borrowObject(ConnectionPoolSupport.java:117)
	at org.springframework.data.redis.connection.lettuce.LettucePoolingConnectionProvider.getConnection(LettucePoolingConnectionProvider.java:80)
	... 6 common frames omitted
Caused by: io.netty.channel.AbstractChannel$AnnotatedConnectException: Connection refused: no further information: /192.168.1.124:6379
	at sun.nio.ch.SocketChannelImpl.checkConnect(Native Method)
	at sun.nio.ch.SocketChannelImpl.finishConnect(SocketChannelImpl.java:717)
	at io.netty.channel.socket.nio.NioSocketChannel.doFinishConnect(NioSocketChannel.java:327)
	at io.netty.channel.nio.AbstractNioChannel$AbstractNioUnsafe.finishConnect(AbstractNioChannel.java:340)
	at io.netty.channel.nio.NioEventLoop.processSelectedKey(NioEventLoop.java:616)
	at io.netty.channel.nio.NioEventLoop.processSelectedKeysOptimized(NioEventLoop.java:563)
	at io.netty.channel.nio.NioEventLoop.processSelectedKeys(NioEventLoop.java:480)
	at io.netty.channel.nio.NioEventLoop.run(NioEventLoop.java:442)
	at io.netty.util.concurrent.SingleThreadEventExecutor$5.run(SingleThreadEventExecutor.java:884)
	at io.netty.util.concurrent.FastThreadLocalRunnable.run(FastThreadLocalRunnable.java:30)
	... 1 common frames omitted
Caused by: java.net.ConnectException: Connection refused: no further information
	... 11 common frames omitted
2018-11-01 12:04:36.988 ERROR --- [NioProcessor-2] com.zkpt.middleware.service.impl.MwFactoryServiceImpl
				Line:158 - 连接服务端：/192.168.1.124:10002[成功]。时间：2018-11-01 12:04:36
2018-11-01 12:08:55.031 ERROR --- [NioProcessor-2] com.zkpt.middleware.service.impl.MwFactoryServiceImpl
				Line:158 - 连接服务端：/192.168.1.124:10002[成功]。时间：2018-11-01 12:08:55
2018-11-01 12:19:48.863 ERROR --- [NioProcessor-2] com.zkpt.middleware.service.impl.MwFactoryServiceImpl
				Line:158 - 连接服务端：/192.168.1.124:10002[成功]。时间：2018-11-01 12:19:48
2018-11-01 12:23:40.137 ERROR --- [NioProcessor-2] com.zkpt.middleware.service.impl.MwFactoryServiceImpl
				Line:158 - 连接服务端：/192.168.1.124:10002[成功]。时间：2018-11-01 12:23:40
2018-11-01 12:24:43.237 ERROR --- [NioProcessor-5] com.zkpt.middleware.service.impl.MwFactoryServiceImpl
				Line:158 - 连接服务端：/192.168.1.124:10002[成功]。时间：2018-11-01 12:24:43
2018-11-01 13:14:37.385 ERROR --- [NioProcessor-2] com.zkpt.middleware.service.impl.MwFactoryServiceImpl
				Line:158 - 连接服务端：/192.168.1.124:10002[成功]。时间：2018-11-01 13:14:37
2018-11-01 13:17:45.227 ERROR --- [NioProcessor-2] com.zkpt.middleware.service.impl.MwFactoryServiceImpl
				Line:158 - 连接服务端：/192.168.1.124:10002[成功]。时间：2018-11-01 13:17:45
2018-11-01 13:19:06.265 ERROR --- [NioProcessor-5] com.zkpt.middleware.service.impl.MwFactoryServiceImpl
				Line:158 - 连接服务端：/192.168.1.124:10002[成功]。时间：2018-11-01 13:19:06
2018-11-01 14:06:27.773 ERROR --- [NioProcessor-2] com.zkpt.middleware.service.impl.MwFactoryServiceImpl
				Line:158 - 连接服务端：/192.168.1.124:10002[成功]。时间：2018-11-01 14:06:27
2018-11-01 14:14:38.429 ERROR --- [http-nio-8081-exec-1] org.apache.catalina.core.ContainerBase.[Tomcat].[localhost].[/zkpt].[dispatcherServlet]
				Line:175 - Servlet.service() for servlet [dispatcherServlet] in context with path [/zkpt] threw exception [Request processing failed; nested exception is org.springframework.data.redis.serializer.SerializationException: Could not read JSON: Could not resolve type id '201809|4.28' as a subtype of [simple type, class java.lang.Object]: no such class found
 at [Source: (byte[])"["201809|4.28","201810|1.28"]"; line: 1, column: 16]; nested exception is com.fasterxml.jackson.databind.exc.InvalidTypeIdException: Could not resolve type id '201809|4.28' as a subtype of [simple type, class java.lang.Object]: no such class found
 at [Source: (byte[])"["201809|4.28","201810|1.28"]"; line: 1, column: 16]] with root cause
com.fasterxml.jackson.databind.exc.InvalidTypeIdException: Could not resolve type id '201809|4.28' as a subtype of [simple type, class java.lang.Object]: no such class found
 at [Source: (byte[])"["201809|4.28","201810|1.28"]"; line: 1, column: 16]
	at com.fasterxml.jackson.databind.exc.InvalidTypeIdException.from(InvalidTypeIdException.java:43)
	at com.fasterxml.jackson.databind.DeserializationContext.invalidTypeIdException(DeserializationContext.java:1635)
	at com.fasterxml.jackson.databind.DeserializationContext.handleUnknownTypeId(DeserializationContext.java:1187)
	at com.fasterxml.jackson.databind.jsontype.impl.ClassNameIdResolver._typeFromId(ClassNameIdResolver.java:53)
	at com.fasterxml.jackson.databind.jsontype.impl.ClassNameIdResolver.typeFromId(ClassNameIdResolver.java:44)
	at com.fasterxml.jackson.databind.jsontype.impl.TypeDeserializerBase._findDeserializer(TypeDeserializerBase.java:156)
	at com.fasterxml.jackson.databind.jsontype.impl.AsArrayTypeDeserializer._deserialize(AsArrayTypeDeserializer.java:97)
	at com.fasterxml.jackson.databind.jsontype.impl.AsArrayTypeDeserializer.deserializeTypedFromAny(AsArrayTypeDeserializer.java:71)
	at com.fasterxml.jackson.databind.deser.std.UntypedObjectDeserializer$Vanilla.deserializeWithType(UntypedObjectDeserializer.java:712)
	at com.fasterxml.jackson.databind.deser.impl.TypeWrappedDeserializer.deserialize(TypeWrappedDeserializer.java:68)
	at com.fasterxml.jackson.databind.ObjectMapper._readMapAndClose(ObjectMapper.java:4013)
	at com.fasterxml.jackson.databind.ObjectMapper.readValue(ObjectMapper.java:3129)
	at org.springframework.data.redis.serializer.Jackson2JsonRedisSerializer.deserialize(Jackson2JsonRedisSerializer.java:73)
	at org.springframework.data.redis.core.AbstractOperations.deserializeValue(AbstractOperations.java:334)
	at org.springframework.data.redis.core.AbstractOperations$ValueDeserializingRedisCallback.doInRedis(AbstractOperations.java:60)
	at org.springframework.data.redis.core.RedisTemplate.execute(RedisTemplate.java:224)
	at org.springframework.data.redis.core.RedisTemplate.execute(RedisTemplate.java:184)
	at org.springframework.data.redis.core.AbstractOperations.execute(AbstractOperations.java:95)
	at org.springframework.data.redis.core.DefaultValueOperations.get(DefaultValueOperations.java:53)
	at com.zkpt.redis.service.impl.RedisServiceImpl.get(RedisServiceImpl.java:81)
	at com.zkpt.demo.controller.DemoController.hello(DemoController.java:41)
	at sun.reflect.NativeMethodAccessorImpl.invoke0(Native Method)
	at sun.reflect.NativeMethodAccessorImpl.invoke(NativeMethodAccessorImpl.java:62)
	at sun.reflect.DelegatingMethodAccessorImpl.invoke(DelegatingMethodAccessorImpl.java:43)
	at java.lang.reflect.Method.invoke(Method.java:498)
	at org.springframework.web.method.support.InvocableHandlerMethod.doInvoke(InvocableHandlerMethod.java:207)
	at org.springframework.web.method.support.InvocableHandlerMethod.invokeForRequest(InvocableHandlerMethod.java:137)
	at org.springframework.web.servlet.mvc.method.annotation.ServletInvocableHandlerMethod.invokeAndHandle(ServletInvocableHandlerMethod.java:102)
	at org.springframework.web.servlet.mvc.method.annotation.RequestMappingHandlerAdapter.invokeHandlerMethod(RequestMappingHandlerAdapter.java:895)
	at org.springframework.web.servlet.mvc.method.annotation.RequestMappingHandlerAdapter.handleInternal(RequestMappingHandlerAdapter.java:800)
	at org.springframework.web.servlet.mvc.method.AbstractHandlerMethodAdapter.handle(AbstractHandlerMethodAdapter.java:87)
	at org.springframework.web.servlet.DispatcherServlet.doDispatch(DispatcherServlet.java:1038)
	at org.springframework.web.servlet.DispatcherServlet.doService(DispatcherServlet.java:942)
	at org.springframework.web.servlet.FrameworkServlet.processRequest(FrameworkServlet.java:998)
	at org.springframework.web.servlet.FrameworkServlet.doGet(FrameworkServlet.java:890)
	at javax.servlet.http.HttpServlet.service(HttpServlet.java:634)
	at org.springframework.web.servlet.FrameworkServlet.service(FrameworkServlet.java:875)
	at javax.servlet.http.HttpServlet.service(HttpServlet.java:741)
	at org.apache.catalina.core.ApplicationFilterChain.internalDoFilter(ApplicationFilterChain.java:231)
	at org.apache.catalina.core.ApplicationFilterChain.doFilter(ApplicationFilterChain.java:166)
	at org.apache.tomcat.websocket.server.WsFilter.doFilter(WsFilter.java:53)
	at org.apache.catalina.core.ApplicationFilterChain.internalDoFilter(ApplicationFilterChain.java:193)
	at org.apache.catalina.core.ApplicationFilterChain.doFilter(ApplicationFilterChain.java:166)
	at com.alibaba.druid.support.http.WebStatFilter.doFilter(WebStatFilter.java:123)
	at org.apache.catalina.core.ApplicationFilterChain.internalDoFilter(ApplicationFilterChain.java:193)
	at org.apache.catalina.core.ApplicationFilterChain.doFilter(ApplicationFilterChain.java:166)
	at com.alibaba.druid.support.http.WebStatFilter.doFilter(WebStatFilter.java:123)
	at org.apache.catalina.core.ApplicationFilterChain.internalDoFilter(ApplicationFilterChain.java:193)
	at org.apache.catalina.core.ApplicationFilterChain.doFilter(ApplicationFilterChain.java:166)
	at org.springframework.web.filter.RequestContextFilter.doFilterInternal(RequestContextFilter.java:99)
	at org.springframework.web.filter.OncePerRequestFilter.doFilter(OncePerRequestFilter.java:107)
	at org.apache.catalina.core.ApplicationFilterChain.internalDoFilter(ApplicationFilterChain.java:193)
	at org.apache.catalina.core.ApplicationFilterChain.doFilter(ApplicationFilterChain.java:166)
	at org.springframework.web.filter.FormContentFilter.doFilterInternal(FormContentFilter.java:92)
	at org.springframework.web.filter.OncePerRequestFilter.doFilter(OncePerRequestFilter.java:107)
	at org.apache.catalina.core.ApplicationFilterChain.internalDoFilter(ApplicationFilterChain.java:193)
	at org.apache.catalina.core.ApplicationFilterChain.doFilter(ApplicationFilterChain.java:166)
	at org.springframework.web.filter.HiddenHttpMethodFilter.doFilterInternal(HiddenHttpMethodFilter.java:93)
	at org.springframework.web.filter.OncePerRequestFilter.doFilter(OncePerRequestFilter.java:107)
	at org.apache.catalina.core.ApplicationFilterChain.internalDoFilter(ApplicationFilterChain.java:193)
	at org.apache.catalina.core.ApplicationFilterChain.doFilter(ApplicationFilterChain.java:166)
	at org.springframework.web.filter.CharacterEncodingFilter.doFilterInternal(CharacterEncodingFilter.java:200)
	at org.springframework.web.filter.OncePerRequestFilter.doFilter(OncePerRequestFilter.java:107)
	at org.apache.catalina.core.ApplicationFilterChain.internalDoFilter(ApplicationFilterChain.java:193)
	at org.apache.catalina.core.ApplicationFilterChain.doFilter(ApplicationFilterChain.java:166)
	at org.apache.catalina.core.StandardWrapperValve.invoke(StandardWrapperValve.java:199)
	at org.apache.catalina.core.StandardContextValve.invoke(StandardContextValve.java:96)
	at org.apache.catalina.authenticator.AuthenticatorBase.invoke(AuthenticatorBase.java:490)
	at org.apache.catalina.core.StandardHostValve.invoke(StandardHostValve.java:139)
	at org.apache.catalina.valves.ErrorReportValve.invoke(ErrorReportValve.java:92)
	at org.apache.catalina.core.StandardEngineValve.invoke(StandardEngineValve.java:74)
	at org.apache.catalina.connector.CoyoteAdapter.service(CoyoteAdapter.java:343)
	at org.apache.coyote.http11.Http11Processor.service(Http11Processor.java:408)
	at org.apache.coyote.AbstractProcessorLight.process(AbstractProcessorLight.java:66)
	at org.apache.coyote.AbstractProtocol$ConnectionHandler.process(AbstractProtocol.java:770)
	at org.apache.tomcat.util.net.NioEndpoint$SocketProcessor.doRun(NioEndpoint.java:1415)
	at org.apache.tomcat.util.net.SocketProcessorBase.run(SocketProcessorBase.java:49)
	at java.util.concurrent.ThreadPoolExecutor.runWorker(ThreadPoolExecutor.java:1142)
	at java.util.concurrent.ThreadPoolExecutor$Worker.run(ThreadPoolExecutor.java:617)
	at org.apache.tomcat.util.threads.TaskThread$WrappingRunnable.run(TaskThread.java:61)
	at java.lang.Thread.run(Thread.java:748)
2018-11-01 14:19:40.735 ERROR --- [NioProcessor-2] com.zkpt.middleware.service.impl.MwFactoryServiceImpl
				Line:158 - 连接服务端：/192.168.1.124:10002[成功]。时间：2018-11-01 14:19:40
2018-11-01 14:22:40.988 ERROR --- [NioProcessor-5] com.zkpt.middleware.service.impl.MwFactoryServiceImpl
				Line:158 - 连接服务端：/192.168.1.124:10002[成功]。时间：2018-11-01 14:22:40
2018-11-01 15:16:39.119 ERROR --- [NioProcessor-4] com.zkpt.middleware.service.impl.MwFactoryServiceImpl
				Line:158 - 连接服务端：/192.168.1.124:10002[成功]。时间：2018-11-01 15:16:39
2018-11-01 15:17:16.063 ERROR --- [NioProcessor-2] com.zkpt.middleware.service.impl.MwFactoryServiceImpl
				Line:158 - 连接服务端：/192.168.1.124:10002[成功]。时间：2018-11-01 15:17:16
2018-11-01 15:18:46.392 ERROR --- [NioProcessor-2] com.zkpt.middleware.service.impl.MwFactoryServiceImpl
				Line:158 - 连接服务端：/192.168.1.124:10002[成功]。时间：2018-11-01 15:18:46
2018-11-01 15:23:15.239 ERROR --- [NioProcessor-2] com.zkpt.middleware.service.impl.MwFactoryServiceImpl
				Line:158 - 连接服务端：/192.168.1.124:10002[成功]。时间：2018-11-01 15:23:15
2018-11-01 15:31:50.389 ERROR --- [NioProcessor-4] com.zkpt.middleware.service.impl.MwFactoryServiceImpl
				Line:158 - 连接服务端：/192.168.1.124:10002[成功]。时间：2018-11-01 15:31:50
2018-11-01 16:04:19.448 ERROR --- [NioProcessor-2] com.zkpt.middleware.service.impl.MwFactoryServiceImpl
				Line:158 - 连接服务端：/192.168.1.124:10002[成功]。时间：2018-11-01 16:04:19
2018-11-01 16:05:05.254 ERROR --- [NioProcessor-5] com.zkpt.middleware.service.impl.MwFactoryServiceImpl
				Line:158 - 连接服务端：/192.168.1.124:10002[成功]。时间：2018-11-01 16:05:05
2018-11-01 16:22:05.092 ERROR --- [NioProcessor-2] com.zkpt.middleware.service.impl.MwFactoryServiceImpl
				Line:158 - 连接服务端：/192.168.1.124:10002[成功]。时间：2018-11-01 16:22:05
2018-11-01 16:23:03.520 ERROR --- [NioProcessor-5] com.zkpt.middleware.service.impl.MwFactoryServiceImpl
				Line:158 - 连接服务端：/192.168.1.124:10002[成功]。时间：2018-11-01 16:23:03
2018-11-01 16:24:43.273 ERROR --- [NioProcessor-2] com.zkpt.middleware.service.impl.MwFactoryServiceImpl
				Line:158 - 连接服务端：/192.168.1.124:10002[成功]。时间：2018-11-01 16:24:43
2018-11-01 16:26:07.791 ERROR --- [NioProcessor-2] com.zkpt.middleware.service.impl.MwFactoryServiceImpl
				Line:158 - 连接服务端：/192.168.1.124:10002[成功]。时间：2018-11-01 16:26:07
2018-11-01 16:26:56.743 ERROR --- [NioProcessor-2] com.zkpt.middleware.service.impl.MwFactoryServiceImpl
				Line:158 - 连接服务端：/192.168.1.124:10002[成功]。时间：2018-11-01 16:26:56
2018-11-01 16:36:16.263 ERROR --- [NioProcessor-3] com.zkpt.middleware.service.impl.MwFactoryServiceImpl
				Line:158 - 连接服务端：/192.168.1.124:10002[成功]。时间：2018-11-01 16:36:16
2018-11-01 16:42:08.277 ERROR --- [NioProcessor-2] com.zkpt.middleware.service.impl.MwFactoryServiceImpl
				Line:158 - 连接服务端：/192.168.1.124:10002[成功]。时间：2018-11-01 16:42:08
2018-11-01 16:44:28.637 ERROR --- [NioProcessor-2] com.zkpt.middleware.service.impl.MwFactoryServiceImpl
				Line:158 - 连接服务端：/192.168.1.124:10002[成功]。时间：2018-11-01 16:44:28
2018-11-01 16:46:23.920 ERROR --- [NioProcessor-2] com.zkpt.middleware.service.impl.MwFactoryServiceImpl
				Line:158 - 连接服务端：/192.168.1.124:10002[成功]。时间：2018-11-01 16:46:23
2018-11-01 16:49:26.562 ERROR --- [NioProcessor-2] com.zkpt.middleware.service.impl.MwFactoryServiceImpl
				Line:158 - 连接服务端：/192.168.1.124:10002[成功]。时间：2018-11-01 16:49:26
2018-11-01 16:49:36.823 ERROR --- [NioProcessor-5] com.zkpt.middleware.service.impl.MwFactoryServiceImpl
				Line:158 - 连接服务端：/192.168.1.124:10002[成功]。时间：2018-11-01 16:49:36
