2018-11-02 09:00:38.916 ERROR --- [NioProcessor-2] com.zkpt.middleware.service.impl.MwFactoryServiceImpl
				Line:161 - 连接服务端/192.168.1.124:10002失败。时间：2018-11-02 09:00:38, 连接MSG异常,请检查MSG端口、IP是否正确,MSG服务是否启动。
org.apache.mina.core.RuntimeIoException: Failed to get the session.
	at org.apache.mina.core.future.DefaultConnectFuture.getSession(DefaultConnectFuture.java:68)
	at com.zkpt.middleware.service.impl.MwFactoryServiceImpl.createMWClient(MwFactoryServiceImpl.java:157)
	at com.zkpt.bank.service.impl.BankQueryArrearsServiceImpl.request(BankQueryArrearsServiceImpl.java:42)
	at com.zkpt.bank.service.impl.BankQueryArrearsServiceImpl$$FastClassBySpringCGLIB$$4f751fd4.invoke(<generated>)
	at org.springframework.cglib.proxy.MethodProxy.invoke(MethodProxy.java:218)
	at org.springframework.aop.framework.CglibAopProxy$CglibMethodInvocation.invokeJoinpoint(CglibAopProxy.java:746)
	at org.springframework.aop.framework.ReflectiveMethodInvocation.proceed(ReflectiveMethodInvocation.java:163)
	at org.springframework.transaction.interceptor.TransactionAspectSupport.invokeWithinTransaction(TransactionAspectSupport.java:294)
	at org.springframework.transaction.interceptor.TransactionInterceptor.invoke(TransactionInterceptor.java:98)
	at org.springframework.aop.framework.ReflectiveMethodInvocation.proceed(ReflectiveMethodInvocation.java:186)
	at org.springframework.aop.framework.CglibAopProxy$DynamicAdvisedInterceptor.intercept(CglibAopProxy.java:688)
	at com.zkpt.bank.service.impl.BankQueryArrearsServiceImpl$$EnhancerBySpringCGLIB$$2ffea940.request(<generated>)
	at com.zkpt.middleware.service.impl.MwTransportServiceImpl.trans_in(MwTransportServiceImpl.java:36)
	at com.zkpt.middleware.handler.BankServerHandler.messageReceived(BankServerHandler.java:83)
	at org.apache.mina.core.filterchain.DefaultIoFilterChain$TailFilter.messageReceived(DefaultIoFilterChain.java:997)
	at org.apache.mina.core.filterchain.DefaultIoFilterChain.callNextMessageReceived(DefaultIoFilterChain.java:641)
	at org.apache.mina.core.filterchain.DefaultIoFilterChain.access$1300(DefaultIoFilterChain.java:48)
	at org.apache.mina.core.filterchain.DefaultIoFilterChain$EntryImpl$1.messageReceived(DefaultIoFilterChain.java:1114)
	at org.apache.mina.filter.codec.ProtocolCodecFilter$ProtocolDecoderOutputImpl.flush(ProtocolCodecFilter.java:437)
	at org.apache.mina.filter.codec.ProtocolCodecFilter.messageReceived(ProtocolCodecFilter.java:256)
	at org.apache.mina.core.filterchain.DefaultIoFilterChain.callNextMessageReceived(DefaultIoFilterChain.java:641)
	at org.apache.mina.core.filterchain.DefaultIoFilterChain.access$1300(DefaultIoFilterChain.java:48)
	at org.apache.mina.core.filterchain.DefaultIoFilterChain$EntryImpl$1.messageReceived(DefaultIoFilterChain.java:1114)
	at com.zkpt.middleware.filter.MyIoFilter.messageReceived(MyIoFilter.java:45)
	at org.apache.mina.filter.util.ReferenceCountingFilter.messageReceived(ReferenceCountingFilter.java:107)
	at org.apache.mina.core.filterchain.DefaultIoFilterChain.callNextMessageReceived(DefaultIoFilterChain.java:641)
	at org.apache.mina.core.filterchain.DefaultIoFilterChain.access$1300(DefaultIoFilterChain.java:48)
	at org.apache.mina.core.filterchain.DefaultIoFilterChain$EntryImpl$1.messageReceived(DefaultIoFilterChain.java:1114)
	at org.apache.mina.filter.logging.LoggingFilter.messageReceived(LoggingFilter.java:208)
	at org.apache.mina.core.filterchain.DefaultIoFilterChain.callNextMessageReceived(DefaultIoFilterChain.java:641)
	at org.apache.mina.core.filterchain.DefaultIoFilterChain.access$1300(DefaultIoFilterChain.java:48)
	at org.apache.mina.core.filterchain.DefaultIoFilterChain$EntryImpl$1.messageReceived(DefaultIoFilterChain.java:1114)
	at org.apache.mina.core.filterchain.IoFilterAdapter.messageReceived(IoFilterAdapter.java:121)
	at org.apache.mina.core.filterchain.DefaultIoFilterChain.callNextMessageReceived(DefaultIoFilterChain.java:641)
	at org.apache.mina.core.filterchain.DefaultIoFilterChain.fireMessageReceived(DefaultIoFilterChain.java:634)
	at org.apache.mina.core.polling.AbstractPollingIoProcessor.read(AbstractPollingIoProcessor.java:539)
	at org.apache.mina.core.polling.AbstractPollingIoProcessor.access$1200(AbstractPollingIoProcessor.java:68)
	at org.apache.mina.core.polling.AbstractPollingIoProcessor$Processor.process(AbstractPollingIoProcessor.java:1242)
	at org.apache.mina.core.polling.AbstractPollingIoProcessor$Processor.process(AbstractPollingIoProcessor.java:1231)
	at org.apache.mina.core.polling.AbstractPollingIoProcessor$Processor.run(AbstractPollingIoProcessor.java:683)
	at org.apache.mina.util.NamePreservingRunnable.run(NamePreservingRunnable.java:64)
	at java.util.concurrent.ThreadPoolExecutor.runWorker(ThreadPoolExecutor.java:1142)
	at java.util.concurrent.ThreadPoolExecutor$Worker.run(ThreadPoolExecutor.java:617)
	at java.lang.Thread.run(Thread.java:748)
Caused by: java.net.ConnectException: Connection refused: no further information
	at sun.nio.ch.SocketChannelImpl.checkConnect(Native Method)
	at sun.nio.ch.SocketChannelImpl.finishConnect(SocketChannelImpl.java:717)
	at org.apache.mina.transport.socket.nio.NioSocketConnector.finishConnect(NioSocketConnector.java:223)
	at org.apache.mina.transport.socket.nio.NioSocketConnector.finishConnect(NioSocketConnector.java:47)
	at org.apache.mina.core.polling.AbstractPollingIoConnector$Connector.processConnections(AbstractPollingIoConnector.java:571)
	at org.apache.mina.core.polling.AbstractPollingIoConnector$Connector.run(AbstractPollingIoConnector.java:456)
	... 4 common frames omitted
2018-11-02 09:00:42.927 ERROR --- [NioProcessor-2] com.zkpt.middleware.service.impl.MwFactoryServiceImpl
				Line:161 - 连接服务端/192.168.1.124:10002失败。时间：2018-11-02 09:00:42, 连接MSG异常,请检查MSG端口、IP是否正确,MSG服务是否启动。
org.apache.mina.core.RuntimeIoException: Failed to get the session.
	at org.apache.mina.core.future.DefaultConnectFuture.getSession(DefaultConnectFuture.java:68)
	at com.zkpt.middleware.service.impl.MwFactoryServiceImpl.createMWClient(MwFactoryServiceImpl.java:157)
	at com.zkpt.bank.service.impl.BankQueryArrearsServiceImpl.request(BankQueryArrearsServiceImpl.java:42)
	at com.zkpt.bank.service.impl.BankQueryArrearsServiceImpl$$FastClassBySpringCGLIB$$4f751fd4.invoke(<generated>)
	at org.springframework.cglib.proxy.MethodProxy.invoke(MethodProxy.java:218)
	at org.springframework.aop.framework.CglibAopProxy$CglibMethodInvocation.invokeJoinpoint(CglibAopProxy.java:746)
	at org.springframework.aop.framework.ReflectiveMethodInvocation.proceed(ReflectiveMethodInvocation.java:163)
	at org.springframework.transaction.interceptor.TransactionAspectSupport.invokeWithinTransaction(TransactionAspectSupport.java:294)
	at org.springframework.transaction.interceptor.TransactionInterceptor.invoke(TransactionInterceptor.java:98)
	at org.springframework.aop.framework.ReflectiveMethodInvocation.proceed(ReflectiveMethodInvocation.java:186)
	at org.springframework.aop.framework.CglibAopProxy$DynamicAdvisedInterceptor.intercept(CglibAopProxy.java:688)
	at com.zkpt.bank.service.impl.BankQueryArrearsServiceImpl$$EnhancerBySpringCGLIB$$2ffea940.request(<generated>)
	at com.zkpt.middleware.service.impl.MwTransportServiceImpl.trans_in(MwTransportServiceImpl.java:36)
	at com.zkpt.middleware.handler.BankServerHandler.messageReceived(BankServerHandler.java:83)
	at org.apache.mina.core.filterchain.DefaultIoFilterChain$TailFilter.messageReceived(DefaultIoFilterChain.java:997)
	at org.apache.mina.core.filterchain.DefaultIoFilterChain.callNextMessageReceived(DefaultIoFilterChain.java:641)
	at org.apache.mina.core.filterchain.DefaultIoFilterChain.access$1300(DefaultIoFilterChain.java:48)
	at org.apache.mina.core.filterchain.DefaultIoFilterChain$EntryImpl$1.messageReceived(DefaultIoFilterChain.java:1114)
	at org.apache.mina.filter.codec.ProtocolCodecFilter$ProtocolDecoderOutputImpl.flush(ProtocolCodecFilter.java:437)
	at org.apache.mina.filter.codec.ProtocolCodecFilter.messageReceived(ProtocolCodecFilter.java:256)
	at org.apache.mina.core.filterchain.DefaultIoFilterChain.callNextMessageReceived(DefaultIoFilterChain.java:641)
	at org.apache.mina.core.filterchain.DefaultIoFilterChain.access$1300(DefaultIoFilterChain.java:48)
	at org.apache.mina.core.filterchain.DefaultIoFilterChain$EntryImpl$1.messageReceived(DefaultIoFilterChain.java:1114)
	at com.zkpt.middleware.filter.MyIoFilter.messageReceived(MyIoFilter.java:45)
	at org.apache.mina.filter.util.ReferenceCountingFilter.messageReceived(ReferenceCountingFilter.java:107)
	at org.apache.mina.core.filterchain.DefaultIoFilterChain.callNextMessageReceived(DefaultIoFilterChain.java:641)
	at org.apache.mina.core.filterchain.DefaultIoFilterChain.access$1300(DefaultIoFilterChain.java:48)
	at org.apache.mina.core.filterchain.DefaultIoFilterChain$EntryImpl$1.messageReceived(DefaultIoFilterChain.java:1114)
	at org.apache.mina.filter.logging.LoggingFilter.messageReceived(LoggingFilter.java:208)
	at org.apache.mina.core.filterchain.DefaultIoFilterChain.callNextMessageReceived(DefaultIoFilterChain.java:641)
	at org.apache.mina.core.filterchain.DefaultIoFilterChain.access$1300(DefaultIoFilterChain.java:48)
	at org.apache.mina.core.filterchain.DefaultIoFilterChain$EntryImpl$1.messageReceived(DefaultIoFilterChain.java:1114)
	at org.apache.mina.core.filterchain.IoFilterAdapter.messageReceived(IoFilterAdapter.java:121)
	at org.apache.mina.core.filterchain.DefaultIoFilterChain.callNextMessageReceived(DefaultIoFilterChain.java:641)
	at org.apache.mina.core.filterchain.DefaultIoFilterChain.fireMessageReceived(DefaultIoFilterChain.java:634)
	at org.apache.mina.core.polling.AbstractPollingIoProcessor.read(AbstractPollingIoProcessor.java:539)
	at org.apache.mina.core.polling.AbstractPollingIoProcessor.access$1200(AbstractPollingIoProcessor.java:68)
	at org.apache.mina.core.polling.AbstractPollingIoProcessor$Processor.process(AbstractPollingIoProcessor.java:1242)
	at org.apache.mina.core.polling.AbstractPollingIoProcessor$Processor.process(AbstractPollingIoProcessor.java:1231)
	at org.apache.mina.core.polling.AbstractPollingIoProcessor$Processor.run(AbstractPollingIoProcessor.java:683)
	at org.apache.mina.util.NamePreservingRunnable.run(NamePreservingRunnable.java:64)
	at java.util.concurrent.ThreadPoolExecutor.runWorker(ThreadPoolExecutor.java:1142)
	at java.util.concurrent.ThreadPoolExecutor$Worker.run(ThreadPoolExecutor.java:617)
	at java.lang.Thread.run(Thread.java:748)
Caused by: java.net.ConnectException: Connection refused: no further information
	at sun.nio.ch.SocketChannelImpl.checkConnect(Native Method)
	at sun.nio.ch.SocketChannelImpl.finishConnect(SocketChannelImpl.java:717)
	at org.apache.mina.transport.socket.nio.NioSocketConnector.finishConnect(NioSocketConnector.java:223)
	at org.apache.mina.transport.socket.nio.NioSocketConnector.finishConnect(NioSocketConnector.java:47)
	at org.apache.mina.core.polling.AbstractPollingIoConnector$Connector.processConnections(AbstractPollingIoConnector.java:571)
	at org.apache.mina.core.polling.AbstractPollingIoConnector$Connector.run(AbstractPollingIoConnector.java:456)
	... 4 common frames omitted
2018-11-02 09:00:46.929 ERROR --- [NioProcessor-2] com.zkpt.middleware.service.impl.MwFactoryServiceImpl
				Line:161 - 连接服务端/192.168.1.124:10002失败。时间：2018-11-02 09:00:46, 连接MSG异常,请检查MSG端口、IP是否正确,MSG服务是否启动。
org.apache.mina.core.RuntimeIoException: Failed to get the session.
	at org.apache.mina.core.future.DefaultConnectFuture.getSession(DefaultConnectFuture.java:68)
	at com.zkpt.middleware.service.impl.MwFactoryServiceImpl.createMWClient(MwFactoryServiceImpl.java:157)
	at com.zkpt.bank.service.impl.BankQueryArrearsServiceImpl.request(BankQueryArrearsServiceImpl.java:42)
	at com.zkpt.bank.service.impl.BankQueryArrearsServiceImpl$$FastClassBySpringCGLIB$$4f751fd4.invoke(<generated>)
	at org.springframework.cglib.proxy.MethodProxy.invoke(MethodProxy.java:218)
	at org.springframework.aop.framework.CglibAopProxy$CglibMethodInvocation.invokeJoinpoint(CglibAopProxy.java:746)
	at org.springframework.aop.framework.ReflectiveMethodInvocation.proceed(ReflectiveMethodInvocation.java:163)
	at org.springframework.transaction.interceptor.TransactionAspectSupport.invokeWithinTransaction(TransactionAspectSupport.java:294)
	at org.springframework.transaction.interceptor.TransactionInterceptor.invoke(TransactionInterceptor.java:98)
	at org.springframework.aop.framework.ReflectiveMethodInvocation.proceed(ReflectiveMethodInvocation.java:186)
	at org.springframework.aop.framework.CglibAopProxy$DynamicAdvisedInterceptor.intercept(CglibAopProxy.java:688)
	at com.zkpt.bank.service.impl.BankQueryArrearsServiceImpl$$EnhancerBySpringCGLIB$$2ffea940.request(<generated>)
	at com.zkpt.middleware.service.impl.MwTransportServiceImpl.trans_in(MwTransportServiceImpl.java:36)
	at com.zkpt.middleware.handler.BankServerHandler.messageReceived(BankServerHandler.java:83)
	at org.apache.mina.core.filterchain.DefaultIoFilterChain$TailFilter.messageReceived(DefaultIoFilterChain.java:997)
	at org.apache.mina.core.filterchain.DefaultIoFilterChain.callNextMessageReceived(DefaultIoFilterChain.java:641)
	at org.apache.mina.core.filterchain.DefaultIoFilterChain.access$1300(DefaultIoFilterChain.java:48)
	at org.apache.mina.core.filterchain.DefaultIoFilterChain$EntryImpl$1.messageReceived(DefaultIoFilterChain.java:1114)
	at org.apache.mina.filter.codec.ProtocolCodecFilter$ProtocolDecoderOutputImpl.flush(ProtocolCodecFilter.java:437)
	at org.apache.mina.filter.codec.ProtocolCodecFilter.messageReceived(ProtocolCodecFilter.java:256)
	at org.apache.mina.core.filterchain.DefaultIoFilterChain.callNextMessageReceived(DefaultIoFilterChain.java:641)
	at org.apache.mina.core.filterchain.DefaultIoFilterChain.access$1300(DefaultIoFilterChain.java:48)
	at org.apache.mina.core.filterchain.DefaultIoFilterChain$EntryImpl$1.messageReceived(DefaultIoFilterChain.java:1114)
	at com.zkpt.middleware.filter.MyIoFilter.messageReceived(MyIoFilter.java:45)
	at org.apache.mina.filter.util.ReferenceCountingFilter.messageReceived(ReferenceCountingFilter.java:107)
	at org.apache.mina.core.filterchain.DefaultIoFilterChain.callNextMessageReceived(DefaultIoFilterChain.java:641)
	at org.apache.mina.core.filterchain.DefaultIoFilterChain.access$1300(DefaultIoFilterChain.java:48)
	at org.apache.mina.core.filterchain.DefaultIoFilterChain$EntryImpl$1.messageReceived(DefaultIoFilterChain.java:1114)
	at org.apache.mina.filter.logging.LoggingFilter.messageReceived(LoggingFilter.java:208)
	at org.apache.mina.core.filterchain.DefaultIoFilterChain.callNextMessageReceived(DefaultIoFilterChain.java:641)
	at org.apache.mina.core.filterchain.DefaultIoFilterChain.access$1300(DefaultIoFilterChain.java:48)
	at org.apache.mina.core.filterchain.DefaultIoFilterChain$EntryImpl$1.messageReceived(DefaultIoFilterChain.java:1114)
	at org.apache.mina.core.filterchain.IoFilterAdapter.messageReceived(IoFilterAdapter.java:121)
	at org.apache.mina.core.filterchain.DefaultIoFilterChain.callNextMessageReceived(DefaultIoFilterChain.java:641)
	at org.apache.mina.core.filterchain.DefaultIoFilterChain.fireMessageReceived(DefaultIoFilterChain.java:634)
	at org.apache.mina.core.polling.AbstractPollingIoProcessor.read(AbstractPollingIoProcessor.java:539)
	at org.apache.mina.core.polling.AbstractPollingIoProcessor.access$1200(AbstractPollingIoProcessor.java:68)
	at org.apache.mina.core.polling.AbstractPollingIoProcessor$Processor.process(AbstractPollingIoProcessor.java:1242)
	at org.apache.mina.core.polling.AbstractPollingIoProcessor$Processor.process(AbstractPollingIoProcessor.java:1231)
	at org.apache.mina.core.polling.AbstractPollingIoProcessor$Processor.run(AbstractPollingIoProcessor.java:683)
	at org.apache.mina.util.NamePreservingRunnable.run(NamePreservingRunnable.java:64)
	at java.util.concurrent.ThreadPoolExecutor.runWorker(ThreadPoolExecutor.java:1142)
	at java.util.concurrent.ThreadPoolExecutor$Worker.run(ThreadPoolExecutor.java:617)
	at java.lang.Thread.run(Thread.java:748)
Caused by: java.net.ConnectException: Connection refused: no further information
	at sun.nio.ch.SocketChannelImpl.checkConnect(Native Method)
	at sun.nio.ch.SocketChannelImpl.finishConnect(SocketChannelImpl.java:717)
	at org.apache.mina.transport.socket.nio.NioSocketConnector.finishConnect(NioSocketConnector.java:223)
	at org.apache.mina.transport.socket.nio.NioSocketConnector.finishConnect(NioSocketConnector.java:47)
	at org.apache.mina.core.polling.AbstractPollingIoConnector$Connector.processConnections(AbstractPollingIoConnector.java:571)
	at org.apache.mina.core.polling.AbstractPollingIoConnector$Connector.run(AbstractPollingIoConnector.java:456)
	... 4 common frames omitted
2018-11-02 09:00:50.928 ERROR --- [NioProcessor-2] com.zkpt.middleware.service.impl.MwFactoryServiceImpl
				Line:161 - 连接服务端/192.168.1.124:10002失败。时间：2018-11-02 09:00:50, 连接MSG异常,请检查MSG端口、IP是否正确,MSG服务是否启动。
org.apache.mina.core.RuntimeIoException: Failed to get the session.
	at org.apache.mina.core.future.DefaultConnectFuture.getSession(DefaultConnectFuture.java:68)
	at com.zkpt.middleware.service.impl.MwFactoryServiceImpl.createMWClient(MwFactoryServiceImpl.java:157)
	at com.zkpt.bank.service.impl.BankQueryArrearsServiceImpl.request(BankQueryArrearsServiceImpl.java:42)
	at com.zkpt.bank.service.impl.BankQueryArrearsServiceImpl$$FastClassBySpringCGLIB$$4f751fd4.invoke(<generated>)
	at org.springframework.cglib.proxy.MethodProxy.invoke(MethodProxy.java:218)
	at org.springframework.aop.framework.CglibAopProxy$CglibMethodInvocation.invokeJoinpoint(CglibAopProxy.java:746)
	at org.springframework.aop.framework.ReflectiveMethodInvocation.proceed(ReflectiveMethodInvocation.java:163)
	at org.springframework.transaction.interceptor.TransactionAspectSupport.invokeWithinTransaction(TransactionAspectSupport.java:294)
	at org.springframework.transaction.interceptor.TransactionInterceptor.invoke(TransactionInterceptor.java:98)
	at org.springframework.aop.framework.ReflectiveMethodInvocation.proceed(ReflectiveMethodInvocation.java:186)
	at org.springframework.aop.framework.CglibAopProxy$DynamicAdvisedInterceptor.intercept(CglibAopProxy.java:688)
	at com.zkpt.bank.service.impl.BankQueryArrearsServiceImpl$$EnhancerBySpringCGLIB$$2ffea940.request(<generated>)
	at com.zkpt.middleware.service.impl.MwTransportServiceImpl.trans_in(MwTransportServiceImpl.java:36)
	at com.zkpt.middleware.handler.BankServerHandler.messageReceived(BankServerHandler.java:83)
	at org.apache.mina.core.filterchain.DefaultIoFilterChain$TailFilter.messageReceived(DefaultIoFilterChain.java:997)
	at org.apache.mina.core.filterchain.DefaultIoFilterChain.callNextMessageReceived(DefaultIoFilterChain.java:641)
	at org.apache.mina.core.filterchain.DefaultIoFilterChain.access$1300(DefaultIoFilterChain.java:48)
	at org.apache.mina.core.filterchain.DefaultIoFilterChain$EntryImpl$1.messageReceived(DefaultIoFilterChain.java:1114)
	at org.apache.mina.filter.codec.ProtocolCodecFilter$ProtocolDecoderOutputImpl.flush(ProtocolCodecFilter.java:437)
	at org.apache.mina.filter.codec.ProtocolCodecFilter.messageReceived(ProtocolCodecFilter.java:256)
	at org.apache.mina.core.filterchain.DefaultIoFilterChain.callNextMessageReceived(DefaultIoFilterChain.java:641)
	at org.apache.mina.core.filterchain.DefaultIoFilterChain.access$1300(DefaultIoFilterChain.java:48)
	at org.apache.mina.core.filterchain.DefaultIoFilterChain$EntryImpl$1.messageReceived(DefaultIoFilterChain.java:1114)
	at com.zkpt.middleware.filter.MyIoFilter.messageReceived(MyIoFilter.java:45)
	at org.apache.mina.filter.util.ReferenceCountingFilter.messageReceived(ReferenceCountingFilter.java:107)
	at org.apache.mina.core.filterchain.DefaultIoFilterChain.callNextMessageReceived(DefaultIoFilterChain.java:641)
	at org.apache.mina.core.filterchain.DefaultIoFilterChain.access$1300(DefaultIoFilterChain.java:48)
	at org.apache.mina.core.filterchain.DefaultIoFilterChain$EntryImpl$1.messageReceived(DefaultIoFilterChain.java:1114)
	at org.apache.mina.filter.logging.LoggingFilter.messageReceived(LoggingFilter.java:208)
	at org.apache.mina.core.filterchain.DefaultIoFilterChain.callNextMessageReceived(DefaultIoFilterChain.java:641)
	at org.apache.mina.core.filterchain.DefaultIoFilterChain.access$1300(DefaultIoFilterChain.java:48)
	at org.apache.mina.core.filterchain.DefaultIoFilterChain$EntryImpl$1.messageReceived(DefaultIoFilterChain.java:1114)
	at org.apache.mina.core.filterchain.IoFilterAdapter.messageReceived(IoFilterAdapter.java:121)
	at org.apache.mina.core.filterchain.DefaultIoFilterChain.callNextMessageReceived(DefaultIoFilterChain.java:641)
	at org.apache.mina.core.filterchain.DefaultIoFilterChain.fireMessageReceived(DefaultIoFilterChain.java:634)
	at org.apache.mina.core.polling.AbstractPollingIoProcessor.read(AbstractPollingIoProcessor.java:539)
	at org.apache.mina.core.polling.AbstractPollingIoProcessor.access$1200(AbstractPollingIoProcessor.java:68)
	at org.apache.mina.core.polling.AbstractPollingIoProcessor$Processor.process(AbstractPollingIoProcessor.java:1242)
	at org.apache.mina.core.polling.AbstractPollingIoProcessor$Processor.process(AbstractPollingIoProcessor.java:1231)
	at org.apache.mina.core.polling.AbstractPollingIoProcessor$Processor.run(AbstractPollingIoProcessor.java:683)
	at org.apache.mina.util.NamePreservingRunnable.run(NamePreservingRunnable.java:64)
	at java.util.concurrent.ThreadPoolExecutor.runWorker(ThreadPoolExecutor.java:1142)
	at java.util.concurrent.ThreadPoolExecutor$Worker.run(ThreadPoolExecutor.java:617)
	at java.lang.Thread.run(Thread.java:748)
Caused by: java.net.ConnectException: Connection refused: no further information
	at sun.nio.ch.SocketChannelImpl.checkConnect(Native Method)
	at sun.nio.ch.SocketChannelImpl.finishConnect(SocketChannelImpl.java:717)
	at org.apache.mina.transport.socket.nio.NioSocketConnector.finishConnect(NioSocketConnector.java:223)
	at org.apache.mina.transport.socket.nio.NioSocketConnector.finishConnect(NioSocketConnector.java:47)
	at org.apache.mina.core.polling.AbstractPollingIoConnector$Connector.processConnections(AbstractPollingIoConnector.java:571)
	at org.apache.mina.core.polling.AbstractPollingIoConnector$Connector.run(AbstractPollingIoConnector.java:456)
	... 4 common frames omitted
2018-11-02 09:00:53.934 ERROR --- [NioProcessor-2] com.zkpt.middleware.service.impl.MwFactoryServiceImpl
				Line:158 - 连接服务端：/192.168.1.124:10002[成功]。时间：2018-11-02 09:00:53
2018-11-02 09:23:33.478 ERROR --- [NioProcessor-2] com.zkpt.middleware.service.impl.MwFactoryServiceImpl
				Line:158 - 连接服务端：/192.168.1.124:10002[成功]。时间：2018-11-02 09:23:33
2018-11-02 09:26:48.728 ERROR --- [NioProcessor-2] com.zkpt.middleware.service.impl.MwFactoryServiceImpl
				Line:158 - 连接服务端：/192.168.1.124:10002[成功]。时间：2018-11-02 09:26:48
2018-11-02 09:27:38.240 ERROR --- [NioProcessor-5] com.zkpt.middleware.service.impl.MwFactoryServiceImpl
				Line:158 - 连接服务端：/192.168.1.124:10002[成功]。时间：2018-11-02 09:27:38
2018-11-02 09:29:38.156 ERROR --- [NioProcessor-2] com.zkpt.middleware.service.impl.MwFactoryServiceImpl
				Line:158 - 连接服务端：/192.168.1.124:10002[成功]。时间：2018-11-02 09:29:38
2018-11-02 09:32:38.950 ERROR --- [NioProcessor-2] com.zkpt.middleware.service.impl.MwFactoryServiceImpl
				Line:158 - 连接服务端：/192.168.1.124:10002[成功]。时间：2018-11-02 09:32:38
2018-11-02 09:34:21.459 ERROR --- [NioProcessor-2] com.zkpt.middleware.service.impl.MwFactoryServiceImpl
				Line:158 - 连接服务端：/192.168.1.124:10002[成功]。时间：2018-11-02 09:34:21
2018-11-02 09:36:53.810 ERROR --- [NioProcessor-2] com.zkpt.middleware.service.impl.MwFactoryServiceImpl
				Line:158 - 连接服务端：/192.168.1.124:10002[成功]。时间：2018-11-02 09:36:53
2018-11-02 09:56:27.691 ERROR --- [NioProcessor-2] com.zkpt.middleware.service.impl.MwFactoryServiceImpl
				Line:158 - 连接服务端：/192.168.1.124:10002[成功]。时间：2018-11-02 09:56:27
2018-11-02 09:56:44.846 ERROR --- [NioProcessor-5] com.zkpt.middleware.service.impl.MwFactoryServiceImpl
				Line:158 - 连接服务端：/192.168.1.124:10002[成功]。时间：2018-11-02 09:56:44
2018-11-02 09:58:18.359 ERROR --- [NioProcessor-3] com.zkpt.middleware.service.impl.MwFactoryServiceImpl
				Line:158 - 连接服务端：/192.168.1.124:10002[成功]。时间：2018-11-02 09:58:18
2018-11-02 14:52:48.777 ERROR --- [NioProcessor-2] com.zkpt.middleware.service.impl.MwFactoryServiceImpl
				Line:158 - 连接服务端：/192.168.1.124:10002[成功]。时间：2018-11-02 14:52:48
2018-11-02 15:00:29.214 ERROR --- [NioProcessor-2] com.zkpt.middleware.service.impl.MwFactoryServiceImpl
				Line:157 - 连接服务端：/192.168.1.124:10002[成功]。时间：2018-11-02 15:00:29
2018-11-02 15:01:47.267 ERROR --- [NioProcessor-5] com.zkpt.middleware.service.impl.MwFactoryServiceImpl
				Line:157 - 连接服务端：/192.168.1.124:10002[成功]。时间：2018-11-02 15:01:47
2018-11-02 15:08:25.770 ERROR --- [NioProcessor-2] com.zkpt.middleware.service.impl.MwFactoryServiceImpl
				Line:157 - 连接服务端：/192.168.1.124:10002[成功]。时间：2018-11-02 15:08:25
